{"total": {"lines":{"total":1002,"covered":970,"skipped":0,"pct":96.8},"statements":{"total":1002,"covered":970,"skipped":0,"pct":96.8},"functions":{"total":68,"covered":44,"skipped":0,"pct":64.7},"branches":{"total":419,"covered":359,"skipped":0,"pct":85.68},"branchesTrue":{"total":0,"covered":0,"skipped":0,"pct":100}}
,"/Users/daniel/Developer/Rottay/ui-design-system/packages/core/src/components/patterns/form-builder/engines/classic/index.tsx": {"lines":{"total":218,"covered":206,"skipped":0,"pct":94.49},"functions":{"total":21,"covered":9,"skipped":0,"pct":42.85},"statements":{"total":218,"covered":206,"skipped":0,"pct":94.49},"branches":{"total":118,"covered":96,"skipped":0,"pct":81.35}}
,"/Users/daniel/Developer/Rottay/ui-design-system/packages/core/src/components/patterns/form-builder/engines/modern/index.tsx": {"lines":{"total":340,"covered":329,"skipped":0,"pct":96.76},"functions":{"total":23,"covered":17,"skipped":0,"pct":73.91},"statements":{"total":340,"covered":329,"skipped":0,"pct":96.76},"branches":{"total":142,"covered":125,"skipped":0,"pct":88.02}}
,"/Users/daniel/Developer/Rottay/ui-design-system/packages/core/src/components/patterns/form-builder/engines/rustic/index.tsx": {"lines":{"total":444,"covered":435,"skipped":0,"pct":97.97},"functions":{"total":24,"covered":18,"skipped":0,"pct":75},"statements":{"total":444,"covered":435,"skipped":0,"pct":97.97},"branches":{"total":159,"covered":138,"skipped":0,"pct":86.79}}
}
