{"total": {"lines":{"total":74942,"covered":65410,"skipped":0,"pct":87.28},"statements":{"total":74942,"covered":65410,"skipped":0,"pct":87.28},"functions":{"total":2895,"covered":2244,"skipped":0,"pct":77.51},"branches":{"total":15373,"covered":12278,"skipped":0,"pct":79.86},"branchesTrue":{"total":0,"covered":0,"skipped":0,"pct":100}}
,"/Users/daniel/Developer/Rottay/ui-design-system/packages/core/vite.config.ts": {"lines":{"total":90,"covered":0,"skipped":0,"pct":0},"functions":{"total":1,"covered":0,"skipped":0,"pct":0},"statements":{"total":90,"covered":0,"skipped":0,"pct":0},"branches":{"total":1,"covered":0,"skipped":0,"pct":0}}
,"/Users/daniel/Developer/Rottay/ui-design-system/packages/core/vitest.config.ts": {"lines":{"total":45,"covered":0,"skipped":0,"pct":0},"functions":{"total":1,"covered":0,"skipped":0,"pct":0},"statements":{"total":45,"covered":0,"skipped":0,"pct":0},"branches":{"total":1,"covered":0,"skipped":0,"pct":0}}
,"/Users/daniel/Developer/Rottay/ui-design-system/packages/core/src/i18n.ts": {"lines":{"total":2,"covered":2,"skipped":0,"pct":100},"functions":{"total":0,"covered":0,"skipped":0,"pct":100},"statements":{"total":2,"covered":2,"skipped":0,"pct":100},"branches":{"total":0,"covered":0,"skipped":0,"pct":100}}
,"/Users/daniel/Developer/Rottay/ui-design-system/packages/core/src/icons.ts": {"lines":{"total":2,"covered":2,"skipped":0,"pct":100},"functions":{"total":0,"covered":0,"skipped":0,"pct":100},"statements":{"total":2,"covered":2,"skipped":0,"pct":100},"branches":{"total":0,"covered":0,"skipped":0,"pct":100}}
,"/Users/daniel/Developer/Rottay/ui-design-system/packages/core/src/index.ts": {"lines":{"total":8,"covered":8,"skipped":0,"pct":100},"functions":{"total":0,"covered":0,"skipped":0,"pct":100},"statements":{"total":8,"covered":8,"skipped":0,"pct":100},"branches":{"total":0,"covered":0,"skipped":0,"pct":100}}
,"/Users/daniel/Developer/Rottay/ui-design-system/packages/core/src/tokens.ts": {"lines":{"total":1,"covered":1,"skipped":0,"pct":100},"functions":{"total":0,"covered":0,"skipped":0,"pct":100},"statements":{"total":1,"covered":1,"skipped":0,"pct":100},"branches":{"total":0,"covered":0,"skipped":0,"pct":100}}
,"/Users/daniel/Developer/Rottay/ui-design-system/packages/core/src/animations/index.ts": {"lines":{"total":4,"covered":4,"skipped":0,"pct":100},"functions":{"total":0,"covered":0,"skipped":0,"pct":100},"statements":{"total":4,"covered":4,"skipped":0,"pct":100},"branches":{"total":0,"covered":0,"skipped":0,"pct":100}}
,"/Users/daniel/Developer/Rottay/ui-design-system/packages/core/src/animations/effects/index.ts": {"lines":{"total":1,"covered":1,"skipped":0,"pct":100},"functions":{"total":0,"covered":0,"skipped":0,"pct":100},"statements":{"total":1,"covered":1,"skipped":0,"pct":100},"branches":{"total":0,"covered":0,"skipped":0,"pct":100}}
,"/Users/daniel/Developer/Rottay/ui-design-system/packages/core/src/animations/effects/aurora/index.tsx": {"lines":{"total":67,"covered":67,"skipped":0,"pct":100},"functions":{"total":1,"covered":1,"skipped":0,"pct":100},"statements":{"total":67,"covered":67,"skipped":0,"pct":100},"branches":{"total":9,"covered":4,"skipped":0,"pct":44.44}}
,"/Users/daniel/Developer/Rottay/ui-design-system/packages/core/src/animations/effects/glass-card/index.tsx": {"lines":{"total":26,"covered":26,"skipped":0,"pct":100},"functions":{"total":1,"covered":1,"skipped":0,"pct":100},"statements":{"total":26,"covered":26,"skipped":0,"pct":100},"branches":{"total":1,"covered":1,"skipped":0,"pct":100}}
,"/Users/daniel/Developer/Rottay/ui-design-system/packages/core/src/animations/effects/glow-effect/index.tsx": {"lines":{"total":33,"covered":33,"skipped":0,"pct":100},"functions":{"total":1,"covered":1,"skipped":0,"pct":100},"statements":{"total":33,"covered":33,"skipped":0,"pct":100},"branches":{"total":3,"covered":1,"skipped":0,"pct":33.33}}
,"/Users/daniel/Developer/Rottay/ui-design-system/packages/core/src/animations/effects/gradient-background/index.tsx": {"lines":{"total":32,"covered":32,"skipped":0,"pct":100},"functions":{"total":1,"covered":1,"skipped":0,"pct":100},"statements":{"total":32,"covered":32,"skipped":0,"pct":100},"branches":{"total":4,"covered":2,"skipped":0,"pct":50}}
,"/Users/daniel/Developer/Rottay/ui-design-system/packages/core/src/animations/effects/grid-pattern/index.tsx": {"lines":{"total":42,"covered":42,"skipped":0,"pct":100},"functions":{"total":1,"covered":1,"skipped":0,"pct":100},"statements":{"total":42,"covered":42,"skipped":0,"pct":100},"branches":{"total":3,"covered":1,"skipped":0,"pct":33.33}}
,"/Users/daniel/Developer/Rottay/ui-design-system/packages/core/src/animations/effects/noise-texture/index.tsx": {"lines":{"total":20,"covered":20,"skipped":0,"pct":100},"functions":{"total":1,"covered":1,"skipped":0,"pct":100},"statements":{"total":20,"covered":20,"skipped":0,"pct":100},"branches":{"total":1,"covered":1,"skipped":0,"pct":100}}
,"/Users/daniel/Developer/Rottay/ui-design-system/packages/core/src/animations/effects/particles/index.tsx": {"lines":{"total":62,"covered":62,"skipped":0,"pct":100},"functions":{"total":3,"covered":3,"skipped":0,"pct":100},"statements":{"total":62,"covered":62,"skipped":0,"pct":100},"branches":{"total":14,"covered":11,"skipped":0,"pct":78.57}}
,"/Users/daniel/Developer/Rottay/ui-design-system/packages/core/src/animations/effects/shimmer-text/index.tsx": {"lines":{"total":40,"covered":38,"skipped":0,"pct":95},"functions":{"total":1,"covered":1,"skipped":0,"pct":100},"statements":{"total":40,"covered":38,"skipped":0,"pct":95},"branches":{"total":6,"covered":1,"skipped":0,"pct":16.66}}
,"/Users/daniel/Developer/Rottay/ui-design-system/packages/core/src/animations/effects/spotlight/index.tsx": {"lines":{"total":50,"covered":45,"skipped":0,"pct":90},"functions":{"total":2,"covered":2,"skipped":0,"pct":100},"statements":{"total":50,"covered":45,"skipped":0,"pct":90},"branches":{"total":7,"covered":4,"skipped":0,"pct":57.14}}
,"/Users/daniel/Developer/Rottay/ui-design-system/packages/core/src/animations/hooks/index.ts": {"lines":{"total":1,"covered":1,"skipped":0,"pct":100},"functions":{"total":0,"covered":0,"skipped":0,"pct":100},"statements":{"total":1,"covered":1,"skipped":0,"pct":100},"branches":{"total":0,"covered":0,"skipped":0,"pct":100}}
,"/Users/daniel/Developer/Rottay/ui-design-system/packages/core/src/animations/hooks/use-in-view/index.ts": {"lines":{"total":28,"covered":26,"skipped":0,"pct":92.85},"functions":{"total":2,"covered":2,"skipped":0,"pct":100},"statements":{"total":28,"covered":26,"skipped":0,"pct":92.85},"branches":{"total":6,"covered":4,"skipped":0,"pct":66.66}}
,"/Users/daniel/Developer/Rottay/ui-design-system/packages/core/src/animations/hooks/use-motion-personality/index.ts": {"lines":{"total":22,"covered":22,"skipped":0,"pct":100},"functions":{"total":1,"covered":1,"skipped":0,"pct":100},"statements":{"total":22,"covered":22,"skipped":0,"pct":100},"branches":{"total":5,"covered":1,"skipped":0,"pct":20}}
,"/Users/daniel/Developer/Rottay/ui-design-system/packages/core/src/animations/hooks/use-mouse-position/index.ts": {"lines":{"total":30,"covered":30,"skipped":0,"pct":100},"functions":{"total":3,"covered":3,"skipped":0,"pct":100},"statements":{"total":30,"covered":30,"skipped":0,"pct":100},"branches":{"total":7,"covered":6,"skipped":0,"pct":85.71}}
,"/Users/daniel/Developer/Rottay/ui-design-system/packages/core/src/animations/hooks/use-reduced-motion/index.ts": {"lines":{"total":14,"covered":12,"skipped":0,"pct":85.71},"functions":{"total":2,"covered":1,"skipped":0,"pct":50},"statements":{"total":14,"covered":12,"skipped":0,"pct":85.71},"branches":{"total":3,"covered":3,"skipped":0,"pct":100}}
,"/Users/daniel/Developer/Rottay/ui-design-system/packages/core/src/animations/hooks/use-scroll-progress/index.ts": {"lines":{"total":23,"covered":19,"skipped":0,"pct":82.6},"functions":{"total":2,"covered":2,"skipped":0,"pct":100},"statements":{"total":23,"covered":19,"skipped":0,"pct":82.6},"branches":{"total":8,"covered":6,"skipped":0,"pct":75}}
,"/Users/daniel/Developer/Rottay/ui-design-system/packages/core/src/animations/hooks/use-smooth-counter/index.ts": {"lines":{"total":24,"covered":24,"skipped":0,"pct":100},"functions":{"total":3,"covered":3,"skipped":0,"pct":100},"statements":{"total":24,"covered":24,"skipped":0,"pct":100},"branches":{"total":7,"covered":7,"skipped":0,"pct":100}}
,"/Users/daniel/Developer/Rottay/ui-design-system/packages/core/src/animations/motion/index.ts": {"lines":{"total":1,"covered":1,"skipped":0,"pct":100},"functions":{"total":0,"covered":0,"skipped":0,"pct":100},"statements":{"total":1,"covered":1,"skipped":0,"pct":100},"branches":{"total":0,"covered":0,"skipped":0,"pct":100}}
,"/Users/daniel/Developer/Rottay/ui-design-system/packages/core/src/animations/motion/count-up/index.tsx": {"lines":{"total":48,"covered":42,"skipped":0,"pct":87.5},"functions":{"total":1,"covered":1,"skipped":0,"pct":100},"statements":{"total":48,"covered":42,"skipped":0,"pct":87.5},"branches":{"total":8,"covered":5,"skipped":0,"pct":62.5}}
,"/Users/daniel/Developer/Rottay/ui-design-system/packages/core/src/animations/motion/fade-in/index.tsx": {"lines":{"total":68,"covered":57,"skipped":0,"pct":83.82},"functions":{"total":1,"covered":1,"skipped":0,"pct":100},"statements":{"total":68,"covered":57,"skipped":0,"pct":83.82},"branches":{"total":12,"covered":2,"skipped":0,"pct":16.66}}
,"/Users/daniel/Developer/Rottay/ui-design-system/packages/core/src/animations/motion/magnetic/index.tsx": {"lines":{"total":36,"covered":28,"skipped":0,"pct":77.77},"functions":{"total":2,"covered":0,"skipped":0,"pct":0},"statements":{"total":36,"covered":28,"skipped":0,"pct":77.77},"branches":{"total":1,"covered":1,"skipped":0,"pct":100}}
,"/Users/daniel/Developer/Rottay/ui-design-system/packages/core/src/animations/motion/morph/index.tsx": {"lines":{"total":71,"covered":51,"skipped":0,"pct":71.83},"functions":{"total":0,"covered":0,"skipped":0,"pct":100},"statements":{"total":71,"covered":51,"skipped":0,"pct":71.83},"branches":{"total":13,"covered":1,"skipped":0,"pct":7.69}}
,"/Users/daniel/Developer/Rottay/ui-design-system/packages/core/src/animations/motion/parallax/index.tsx": {"lines":{"total":23,"covered":23,"skipped":0,"pct":100},"functions":{"total":0,"covered":0,"skipped":0,"pct":100},"statements":{"total":23,"covered":23,"skipped":0,"pct":100},"branches":{"total":2,"covered":1,"skipped":0,"pct":50}}
,"/Users/daniel/Developer/Rottay/ui-design-system/packages/core/src/animations/motion/scale-in/index.tsx": {"lines":{"total":55,"covered":44,"skipped":0,"pct":80},"functions":{"total":0,"covered":0,"skipped":0,"pct":100},"statements":{"total":55,"covered":44,"skipped":0,"pct":80},"branches":{"total":6,"covered":1,"skipped":0,"pct":16.66}}
,"/Users/daniel/Developer/Rottay/ui-design-system/packages/core/src/animations/motion/scroll-reveal/index.tsx": {"lines":{"total":40,"covered":31,"skipped":0,"pct":77.5},"functions":{"total":0,"covered":0,"skipped":0,"pct":100},"statements":{"total":40,"covered":31,"skipped":0,"pct":77.5},"branches":{"total":6,"covered":1,"skipped":0,"pct":16.66}}
,"/Users/daniel/Developer/Rottay/ui-design-system/packages/core/src/animations/motion/slide-in/index.tsx": {"lines":{"total":67,"covered":56,"skipped":0,"pct":83.58},"functions":{"total":1,"covered":1,"skipped":0,"pct":100},"statements":{"total":67,"covered":56,"skipped":0,"pct":83.58},"branches":{"total":12,"covered":2,"skipped":0,"pct":16.66}}
,"/Users/daniel/Developer/Rottay/ui-design-system/packages/core/src/animations/motion/stagger-children/index.tsx": {"lines":{"total":49,"covered":41,"skipped":0,"pct":83.67},"functions":{"total":0,"covered":0,"skipped":0,"pct":100},"statements":{"total":49,"covered":41,"skipped":0,"pct":83.67},"branches":{"total":7,"covered":1,"skipped":0,"pct":14.28}}
,"/Users/daniel/Developer/Rottay/ui-design-system/packages/core/src/animations/motion/text-reveal/index.tsx": {"lines":{"total":71,"covered":58,"skipped":0,"pct":81.69},"functions":{"total":1,"covered":1,"skipped":0,"pct":100},"statements":{"total":71,"covered":58,"skipped":0,"pct":81.69},"branches":{"total":15,"covered":4,"skipped":0,"pct":26.66}}
,"/Users/daniel/Developer/Rottay/ui-design-system/packages/core/src/animations/types/index.ts": {"lines":{"total":0,"covered":0,"skipped":0,"pct":100},"functions":{"total":1,"covered":1,"skipped":0,"pct":100},"statements":{"total":0,"covered":0,"skipped":0,"pct":100},"branches":{"total":1,"covered":1,"skipped":0,"pct":100}}
,"/Users/daniel/Developer/Rottay/ui-design-system/packages/core/src/components/index.ts": {"lines":{"total":4,"covered":4,"skipped":0,"pct":100},"functions":{"total":0,"covered":0,"skipped":0,"pct":100},"statements":{"total":4,"covered":4,"skipped":0,"pct":100},"branches":{"total":0,"covered":0,"skipped":0,"pct":100}}
,"/Users/daniel/Developer/Rottay/ui-design-system/packages/core/src/components/patterns/index.ts": {"lines":{"total":1,"covered":1,"skipped":0,"pct":100},"functions":{"total":0,"covered":0,"skipped":0,"pct":100},"statements":{"total":1,"covered":1,"skipped":0,"pct":100},"branches":{"total":0,"covered":0,"skipped":0,"pct":100}}
,"/Users/daniel/Developer/Rottay/ui-design-system/packages/core/src/components/patterns/types.ts": {"lines":{"total":0,"covered":0,"skipped":0,"pct":100},"functions":{"total":1,"covered":1,"skipped":0,"pct":100},"statements":{"total":0,"covered":0,"skipped":0,"pct":100},"branches":{"total":1,"covered":1,"skipped":0,"pct":100}}
,"/Users/daniel/Developer/Rottay/ui-design-system/packages/core/src/components/patterns/activity-log/index.ts": {"lines":{"total":9,"covered":9,"skipped":0,"pct":100},"functions":{"total":3,"covered":0,"skipped":0,"pct":0},"statements":{"total":9,"covered":9,"skipped":0,"pct":100},"branches":{"total":0,"covered":0,"skipped":0,"pct":100}}
,"/Users/daniel/Developer/Rottay/ui-design-system/packages/core/src/components/patterns/activity-log/engines/classic/index.tsx": {"lines":{"total":135,"covered":98,"skipped":0,"pct":72.59},"functions":{"total":8,"covered":6,"skipped":0,"pct":75},"statements":{"total":135,"covered":98,"skipped":0,"pct":72.59},"branches":{"total":28,"covered":19,"skipped":0,"pct":67.85}}
,"/Users/daniel/Developer/Rottay/ui-design-system/packages/core/src/components/patterns/activity-log/engines/modern/index.tsx": {"lines":{"total":142,"covered":101,"skipped":0,"pct":71.12},"functions":{"total":8,"covered":6,"skipped":0,"pct":75},"statements":{"total":142,"covered":101,"skipped":0,"pct":71.12},"branches":{"total":36,"covered":24,"skipped":0,"pct":66.66}}
,"/Users/daniel/Developer/Rottay/ui-design-system/packages/core/src/components/patterns/activity-log/engines/rustic/index.tsx": {"lines":{"total":179,"covered":142,"skipped":0,"pct":79.32},"functions":{"total":9,"covered":7,"skipped":0,"pct":77.77},"statements":{"total":179,"covered":142,"skipped":0,"pct":79.32},"branches":{"total":32,"covered":22,"skipped":0,"pct":68.75}}
,"/Users/daniel/Developer/Rottay/ui-design-system/packages/core/src/components/patterns/activity-log/types/index.ts": {"lines":{"total":0,"covered":0,"skipped":0,"pct":100},"functions":{"total":1,"covered":1,"skipped":0,"pct":100},"statements":{"total":0,"covered":0,"skipped":0,"pct":100},"branches":{"total":1,"covered":1,"skipped":0,"pct":100}}
,"/Users/daniel/Developer/Rottay/ui-design-system/packages/core/src/components/patterns/approval-workflow/index.ts": {"lines":{"total":9,"covered":9,"skipped":0,"pct":100},"functions":{"total":3,"covered":3,"skipped":0,"pct":100},"statements":{"total":9,"covered":9,"skipped":0,"pct":100},"branches":{"total":3,"covered":3,"skipped":0,"pct":100}}
,"/Users/daniel/Developer/Rottay/ui-design-system/packages/core/src/components/patterns/approval-workflow/engines/classic/index.tsx": {"lines":{"total":85,"covered":67,"skipped":0,"pct":78.82},"functions":{"total":5,"covered":2,"skipped":0,"pct":40},"statements":{"total":85,"covered":67,"skipped":0,"pct":78.82},"branches":{"total":10,"covered":6,"skipped":0,"pct":60}}
,"/Users/daniel/Developer/Rottay/ui-design-system/packages/core/src/components/patterns/approval-workflow/engines/modern/index.tsx": {"lines":{"total":115,"covered":88,"skipped":0,"pct":76.52},"functions":{"total":5,"covered":2,"skipped":0,"pct":40},"statements":{"total":115,"covered":88,"skipped":0,"pct":76.52},"branches":{"total":19,"covered":11,"skipped":0,"pct":57.89}}
,"/Users/daniel/Developer/Rottay/ui-design-system/packages/core/src/components/patterns/approval-workflow/engines/rustic/index.tsx": {"lines":{"total":223,"covered":192,"skipped":0,"pct":86.09},"functions":{"total":9,"covered":5,"skipped":0,"pct":55.55},"statements":{"total":223,"covered":192,"skipped":0,"pct":86.09},"branches":{"total":26,"covered":19,"skipped":0,"pct":73.07}}
,"/Users/daniel/Developer/Rottay/ui-design-system/packages/core/src/components/patterns/approval-workflow/types/index.ts": {"lines":{"total":0,"covered":0,"skipped":0,"pct":100},"functions":{"total":1,"covered":1,"skipped":0,"pct":100},"statements":{"total":0,"covered":0,"skipped":0,"pct":100},"branches":{"total":1,"covered":1,"skipped":0,"pct":100}}
,"/Users/daniel/Developer/Rottay/ui-design-system/packages/core/src/components/patterns/assistant/index.tsx": {"lines":{"total":262,"covered":258,"skipped":0,"pct":98.47},"functions":{"total":9,"covered":9,"skipped":0,"pct":100},"statements":{"total":262,"covered":258,"skipped":0,"pct":98.47},"branches":{"total":67,"covered":56,"skipped":0,"pct":83.58}}
,"/Users/daniel/Developer/Rottay/ui-design-system/packages/core/src/components/patterns/assistant/types.ts": {"lines":{"total":0,"covered":0,"skipped":0,"pct":100},"functions":{"total":1,"covered":1,"skipped":0,"pct":100},"statements":{"total":0,"covered":0,"skipped":0,"pct":100},"branches":{"total":1,"covered":1,"skipped":0,"pct":100}}
,"/Users/daniel/Developer/Rottay/ui-design-system/packages/core/src/components/patterns/calendar-view/index.ts": {"lines":{"total":9,"covered":9,"skipped":0,"pct":100},"functions":{"total":3,"covered":3,"skipped":0,"pct":100},"statements":{"total":9,"covered":9,"skipped":0,"pct":100},"branches":{"total":3,"covered":3,"skipped":0,"pct":100}}
,"/Users/daniel/Developer/Rottay/ui-design-system/packages/core/src/components/patterns/calendar-view/engines/classic/index.tsx": {"lines":{"total":142,"covered":142,"skipped":0,"pct":100},"functions":{"total":11,"covered":10,"skipped":0,"pct":90.9},"statements":{"total":142,"covered":142,"skipped":0,"pct":100},"branches":{"total":42,"covered":40,"skipped":0,"pct":95.23}}
,"/Users/daniel/Developer/Rottay/ui-design-system/packages/core/src/components/patterns/calendar-view/engines/modern/index.tsx": {"lines":{"total":119,"covered":119,"skipped":0,"pct":100},"functions":{"total":11,"covered":10,"skipped":0,"pct":90.9},"statements":{"total":119,"covered":119,"skipped":0,"pct":100},"branches":{"total":38,"covered":36,"skipped":0,"pct":94.73}}
,"/Users/daniel/Developer/Rottay/ui-design-system/packages/core/src/components/patterns/calendar-view/engines/rustic/index.tsx": {"lines":{"total":152,"covered":152,"skipped":0,"pct":100},"functions":{"total":11,"covered":10,"skipped":0,"pct":90.9},"statements":{"total":152,"covered":152,"skipped":0,"pct":100},"branches":{"total":44,"covered":42,"skipped":0,"pct":95.45}}
,"/Users/daniel/Developer/Rottay/ui-design-system/packages/core/src/components/patterns/calendar-view/types/index.ts": {"lines":{"total":0,"covered":0,"skipped":0,"pct":100},"functions":{"total":1,"covered":1,"skipped":0,"pct":100},"statements":{"total":0,"covered":0,"skipped":0,"pct":100},"branches":{"total":1,"covered":1,"skipped":0,"pct":100}}
,"/Users/daniel/Developer/Rottay/ui-design-system/packages/core/src/components/patterns/charts/chart-scaffold.tsx": {"lines":{"total":176,"covered":176,"skipped":0,"pct":100},"functions":{"total":4,"covered":4,"skipped":0,"pct":100},"statements":{"total":176,"covered":176,"skipped":0,"pct":100},"branches":{"total":61,"covered":60,"skipped":0,"pct":98.36}}
,"/Users/daniel/Developer/Rottay/ui-design-system/packages/core/src/components/patterns/charts/index.ts": {"lines":{"total":1,"covered":1,"skipped":0,"pct":100},"functions":{"total":0,"covered":0,"skipped":0,"pct":100},"statements":{"total":1,"covered":1,"skipped":0,"pct":100},"branches":{"total":0,"covered":0,"skipped":0,"pct":100}}
,"/Users/daniel/Developer/Rottay/ui-design-system/packages/core/src/components/patterns/charts/area-chart/index.tsx": {"lines":{"total":232,"covered":220,"skipped":0,"pct":94.82},"functions":{"total":1,"covered":1,"skipped":0,"pct":100},"statements":{"total":232,"covered":220,"skipped":0,"pct":94.82},"branches":{"total":67,"covered":48,"skipped":0,"pct":71.64}}
,"/Users/daniel/Developer/Rottay/ui-design-system/packages/core/src/components/patterns/charts/bar-chart/index.tsx": {"lines":{"total":228,"covered":219,"skipped":0,"pct":96.05},"functions":{"total":1,"covered":1,"skipped":0,"pct":100},"statements":{"total":228,"covered":219,"skipped":0,"pct":96.05},"branches":{"total":51,"covered":38,"skipped":0,"pct":74.5}}
,"/Users/daniel/Developer/Rottay/ui-design-system/packages/core/src/components/patterns/charts/funnel-chart/index.tsx": {"lines":{"total":185,"covered":176,"skipped":0,"pct":95.13},"functions":{"total":1,"covered":1,"skipped":0,"pct":100},"statements":{"total":185,"covered":176,"skipped":0,"pct":95.13},"branches":{"total":35,"covered":25,"skipped":0,"pct":71.42}}
,"/Users/daniel/Developer/Rottay/ui-design-system/packages/core/src/components/patterns/charts/gantt-chart/index.tsx": {"lines":{"total":176,"covered":176,"skipped":0,"pct":100},"functions":{"total":1,"covered":1,"skipped":0,"pct":100},"statements":{"total":176,"covered":176,"skipped":0,"pct":100},"branches":{"total":40,"covered":27,"skipped":0,"pct":67.5}}
,"/Users/daniel/Developer/Rottay/ui-design-system/packages/core/src/components/patterns/charts/heatmap/index.tsx": {"lines":{"total":115,"covered":115,"skipped":0,"pct":100},"functions":{"total":1,"covered":1,"skipped":0,"pct":100},"statements":{"total":115,"covered":115,"skipped":0,"pct":100},"branches":{"total":18,"covered":11,"skipped":0,"pct":61.11}}
,"/Users/daniel/Developer/Rottay/ui-design-system/packages/core/src/components/patterns/charts/hooks/index.ts": {"lines":{"total":30,"covered":27,"skipped":0,"pct":90},"functions":{"total":2,"covered":2,"skipped":0,"pct":100},"statements":{"total":30,"covered":27,"skipped":0,"pct":90},"branches":{"total":7,"covered":4,"skipped":0,"pct":57.14}}
,"/Users/daniel/Developer/Rottay/ui-design-system/packages/core/src/components/patterns/charts/hooks/use-chart-personality.ts": {"lines":{"total":27,"covered":27,"skipped":0,"pct":100},"functions":{"total":1,"covered":1,"skipped":0,"pct":100},"statements":{"total":27,"covered":27,"skipped":0,"pct":100},"branches":{"total":10,"covered":7,"skipped":0,"pct":70}}
,"/Users/daniel/Developer/Rottay/ui-design-system/packages/core/src/components/patterns/charts/line-chart/index.tsx": {"lines":{"total":227,"covered":226,"skipped":0,"pct":99.55},"functions":{"total":2,"covered":2,"skipped":0,"pct":100},"statements":{"total":227,"covered":226,"skipped":0,"pct":99.55},"branches":{"total":65,"covered":60,"skipped":0,"pct":92.3}}
,"/Users/daniel/Developer/Rottay/ui-design-system/packages/core/src/components/patterns/charts/network-graph/index.tsx": {"lines":{"total":173,"covered":165,"skipped":0,"pct":95.37},"functions":{"total":2,"covered":2,"skipped":0,"pct":100},"statements":{"total":173,"covered":165,"skipped":0,"pct":95.37},"branches":{"total":48,"covered":38,"skipped":0,"pct":79.16}}
,"/Users/daniel/Developer/Rottay/ui-design-system/packages/core/src/components/patterns/charts/pie-chart/index.tsx": {"lines":{"total":125,"covered":125,"skipped":0,"pct":100},"functions":{"total":1,"covered":1,"skipped":0,"pct":100},"statements":{"total":125,"covered":125,"skipped":0,"pct":100},"branches":{"total":32,"covered":26,"skipped":0,"pct":81.25}}
,"/Users/daniel/Developer/Rottay/ui-design-system/packages/core/src/components/patterns/charts/radar-chart/index.tsx": {"lines":{"total":154,"covered":154,"skipped":0,"pct":100},"functions":{"total":1,"covered":1,"skipped":0,"pct":100},"statements":{"total":154,"covered":154,"skipped":0,"pct":100},"branches":{"total":35,"covered":27,"skipped":0,"pct":77.14}}
,"/Users/daniel/Developer/Rottay/ui-design-system/packages/core/src/components/patterns/charts/treemap/index.tsx": {"lines":{"total":133,"covered":133,"skipped":0,"pct":100},"functions":{"total":1,"covered":1,"skipped":0,"pct":100},"statements":{"total":133,"covered":133,"skipped":0,"pct":100},"branches":{"total":27,"covered":19,"skipped":0,"pct":70.37}}
,"/Users/daniel/Developer/Rottay/ui-design-system/packages/core/src/components/patterns/charts/types/index.ts": {"lines":{"total":68,"covered":68,"skipped":0,"pct":100},"functions":{"total":0,"covered":0,"skipped":0,"pct":100},"statements":{"total":68,"covered":68,"skipped":0,"pct":100},"branches":{"total":0,"covered":0,"skipped":0,"pct":100}}
,"/Users/daniel/Developer/Rottay/ui-design-system/packages/core/src/components/patterns/command-palette/index.ts": {"lines":{"total":9,"covered":9,"skipped":0,"pct":100},"functions":{"total":3,"covered":3,"skipped":0,"pct":100},"statements":{"total":9,"covered":9,"skipped":0,"pct":100},"branches":{"total":3,"covered":3,"skipped":0,"pct":100}}
,"/Users/daniel/Developer/Rottay/ui-design-system/packages/core/src/components/patterns/command-palette/engines/classic/index.tsx": {"lines":{"total":173,"covered":168,"skipped":0,"pct":97.1},"functions":{"total":7,"covered":5,"skipped":0,"pct":71.42},"statements":{"total":173,"covered":168,"skipped":0,"pct":97.1},"branches":{"total":48,"covered":41,"skipped":0,"pct":85.41}}
,"/Users/daniel/Developer/Rottay/ui-design-system/packages/core/src/components/patterns/command-palette/engines/modern/index.tsx": {"lines":{"total":154,"covered":149,"skipped":0,"pct":96.75},"functions":{"total":6,"covered":4,"skipped":0,"pct":66.66},"statements":{"total":154,"covered":149,"skipped":0,"pct":96.75},"branches":{"total":45,"covered":39,"skipped":0,"pct":86.66}}
,"/Users/daniel/Developer/Rottay/ui-design-system/packages/core/src/components/patterns/command-palette/engines/rustic/index.tsx": {"lines":{"total":201,"covered":197,"skipped":0,"pct":98},"functions":{"total":6,"covered":5,"skipped":0,"pct":83.33},"statements":{"total":201,"covered":197,"skipped":0,"pct":98},"branches":{"total":44,"covered":42,"skipped":0,"pct":95.45}}
,"/Users/daniel/Developer/Rottay/ui-design-system/packages/core/src/components/patterns/command-palette/types/index.ts": {"lines":{"total":0,"covered":0,"skipped":0,"pct":100},"functions":{"total":1,"covered":1,"skipped":0,"pct":100},"statements":{"total":0,"covered":0,"skipped":0,"pct":100},"branches":{"total":1,"covered":1,"skipped":0,"pct":100}}
,"/Users/daniel/Developer/Rottay/ui-design-system/packages/core/src/components/patterns/comment-thread/index.ts": {"lines":{"total":9,"covered":9,"skipped":0,"pct":100},"functions":{"total":3,"covered":0,"skipped":0,"pct":0},"statements":{"total":9,"covered":9,"skipped":0,"pct":100},"branches":{"total":0,"covered":0,"skipped":0,"pct":100}}
,"/Users/daniel/Developer/Rottay/ui-design-system/packages/core/src/components/patterns/comment-thread/engines/classic/index.tsx": {"lines":{"total":213,"covered":138,"skipped":0,"pct":64.78},"functions":{"total":11,"covered":3,"skipped":0,"pct":27.27},"statements":{"total":213,"covered":138,"skipped":0,"pct":64.78},"branches":{"total":30,"covered":19,"skipped":0,"pct":63.33}}
,"/Users/daniel/Developer/Rottay/ui-design-system/packages/core/src/components/patterns/comment-thread/engines/modern/index.tsx": {"lines":{"total":194,"covered":126,"skipped":0,"pct":64.94},"functions":{"total":11,"covered":3,"skipped":0,"pct":27.27},"statements":{"total":194,"covered":126,"skipped":0,"pct":64.94},"branches":{"total":28,"covered":17,"skipped":0,"pct":60.71}}
,"/Users/daniel/Developer/Rottay/ui-design-system/packages/core/src/components/patterns/comment-thread/engines/rustic/index.tsx": {"lines":{"total":256,"covered":179,"skipped":0,"pct":69.92},"functions":{"total":12,"covered":4,"skipped":0,"pct":33.33},"statements":{"total":256,"covered":179,"skipped":0,"pct":69.92},"branches":{"total":30,"covered":18,"skipped":0,"pct":60}}
,"/Users/daniel/Developer/Rottay/ui-design-system/packages/core/src/components/patterns/comment-thread/types/index.ts": {"lines":{"total":0,"covered":0,"skipped":0,"pct":100},"functions":{"total":1,"covered":1,"skipped":0,"pct":100},"statements":{"total":0,"covered":0,"skipped":0,"pct":100},"branches":{"total":1,"covered":1,"skipped":0,"pct":100}}
,"/Users/daniel/Developer/Rottay/ui-design-system/packages/core/src/components/patterns/data-table/index.ts": {"lines":{"total":9,"covered":9,"skipped":0,"pct":100},"functions":{"total":3,"covered":3,"skipped":0,"pct":100},"statements":{"total":9,"covered":9,"skipped":0,"pct":100},"branches":{"total":3,"covered":3,"skipped":0,"pct":100}}
,"/Users/daniel/Developer/Rottay/ui-design-system/packages/core/src/components/patterns/data-table/engines/classic/index.tsx": {"lines":{"total":161,"covered":159,"skipped":0,"pct":98.75},"functions":{"total":10,"covered":9,"skipped":0,"pct":90},"statements":{"total":161,"covered":159,"skipped":0,"pct":98.75},"branches":{"total":59,"covered":45,"skipped":0,"pct":76.27}}
,"/Users/daniel/Developer/Rottay/ui-design-system/packages/core/src/components/patterns/data-table/engines/modern/index.tsx": {"lines":{"total":216,"covered":210,"skipped":0,"pct":97.22},"functions":{"total":13,"covered":12,"skipped":0,"pct":92.3},"statements":{"total":216,"covered":210,"skipped":0,"pct":97.22},"branches":{"total":81,"covered":65,"skipped":0,"pct":80.24}}
,"/Users/daniel/Developer/Rottay/ui-design-system/packages/core/src/components/patterns/data-table/engines/rustic/index.tsx": {"lines":{"total":315,"covered":311,"skipped":0,"pct":98.73},"functions":{"total":13,"covered":12,"skipped":0,"pct":92.3},"statements":{"total":315,"covered":311,"skipped":0,"pct":98.73},"branches":{"total":88,"covered":76,"skipped":0,"pct":86.36}}
,"/Users/daniel/Developer/Rottay/ui-design-system/packages/core/src/components/patterns/data-table/types/index.ts": {"lines":{"total":10,"covered":8,"skipped":0,"pct":80},"functions":{"total":2,"covered":2,"skipped":0,"pct":100},"statements":{"total":10,"covered":8,"skipped":0,"pct":80},"branches":{"total":7,"covered":4,"skipped":0,"pct":57.14}}
,"/Users/daniel/Developer/Rottay/ui-design-system/packages/core/src/components/patterns/detail-panel/index.ts": {"lines":{"total":9,"covered":9,"skipped":0,"pct":100},"functions":{"total":3,"covered":3,"skipped":0,"pct":100},"statements":{"total":9,"covered":9,"skipped":0,"pct":100},"branches":{"total":3,"covered":3,"skipped":0,"pct":100}}
,"/Users/daniel/Developer/Rottay/ui-design-system/packages/core/src/components/patterns/detail-panel/engines/classic/index.tsx": {"lines":{"total":126,"covered":122,"skipped":0,"pct":96.82},"functions":{"total":2,"covered":2,"skipped":0,"pct":100},"statements":{"total":126,"covered":122,"skipped":0,"pct":96.82},"branches":{"total":38,"covered":30,"skipped":0,"pct":78.94}}
,"/Users/daniel/Developer/Rottay/ui-design-system/packages/core/src/components/patterns/detail-panel/engines/modern/index.tsx": {"lines":{"total":139,"covered":138,"skipped":0,"pct":99.28},"functions":{"total":4,"covered":4,"skipped":0,"pct":100},"statements":{"total":139,"covered":138,"skipped":0,"pct":99.28},"branches":{"total":50,"covered":44,"skipped":0,"pct":88}}
,"/Users/daniel/Developer/Rottay/ui-design-system/packages/core/src/components/patterns/detail-panel/engines/rustic/index.tsx": {"lines":{"total":302,"covered":302,"skipped":0,"pct":100},"functions":{"total":8,"covered":8,"skipped":0,"pct":100},"statements":{"total":302,"covered":302,"skipped":0,"pct":100},"branches":{"total":63,"covered":60,"skipped":0,"pct":95.23}}
,"/Users/daniel/Developer/Rottay/ui-design-system/packages/core/src/components/patterns/detail-panel/types/index.ts": {"lines":{"total":0,"covered":0,"skipped":0,"pct":100},"functions":{"total":1,"covered":1,"skipped":0,"pct":100},"statements":{"total":0,"covered":0,"skipped":0,"pct":100},"branches":{"total":1,"covered":1,"skipped":0,"pct":100}}
,"/Users/daniel/Developer/Rottay/ui-design-system/packages/core/src/components/patterns/empty-state/index.ts": {"lines":{"total":9,"covered":9,"skipped":0,"pct":100},"functions":{"total":3,"covered":3,"skipped":0,"pct":100},"statements":{"total":9,"covered":9,"skipped":0,"pct":100},"branches":{"total":3,"covered":3,"skipped":0,"pct":100}}
,"/Users/daniel/Developer/Rottay/ui-design-system/packages/core/src/components/patterns/empty-state/engines/classic/index.tsx": {"lines":{"total":52,"covered":52,"skipped":0,"pct":100},"functions":{"total":1,"covered":1,"skipped":0,"pct":100},"statements":{"total":52,"covered":52,"skipped":0,"pct":100},"branches":{"total":13,"covered":12,"skipped":0,"pct":92.3}}
,"/Users/daniel/Developer/Rottay/ui-design-system/packages/core/src/components/patterns/empty-state/engines/modern/index.tsx": {"lines":{"total":58,"covered":58,"skipped":0,"pct":100},"functions":{"total":1,"covered":1,"skipped":0,"pct":100},"statements":{"total":58,"covered":58,"skipped":0,"pct":100},"branches":{"total":13,"covered":12,"skipped":0,"pct":92.3}}
,"/Users/daniel/Developer/Rottay/ui-design-system/packages/core/src/components/patterns/empty-state/engines/rustic/index.tsx": {"lines":{"total":82,"covered":82,"skipped":0,"pct":100},"functions":{"total":1,"covered":1,"skipped":0,"pct":100},"statements":{"total":82,"covered":82,"skipped":0,"pct":100},"branches":{"total":12,"covered":11,"skipped":0,"pct":91.66}}
,"/Users/daniel/Developer/Rottay/ui-design-system/packages/core/src/components/patterns/empty-state/types/index.ts": {"lines":{"total":0,"covered":0,"skipped":0,"pct":100},"functions":{"total":1,"covered":1,"skipped":0,"pct":100},"statements":{"total":0,"covered":0,"skipped":0,"pct":100},"branches":{"total":1,"covered":1,"skipped":0,"pct":100}}
,"/Users/daniel/Developer/Rottay/ui-design-system/packages/core/src/components/patterns/file-manager/index.ts": {"lines":{"total":9,"covered":9,"skipped":0,"pct":100},"functions":{"total":3,"covered":0,"skipped":0,"pct":0},"statements":{"total":9,"covered":9,"skipped":0,"pct":100},"branches":{"total":0,"covered":0,"skipped":0,"pct":100}}
,"/Users/daniel/Developer/Rottay/ui-design-system/packages/core/src/components/patterns/file-manager/engines/classic/index.tsx": {"lines":{"total":227,"covered":182,"skipped":0,"pct":80.17},"functions":{"total":19,"covered":10,"skipped":0,"pct":52.63},"statements":{"total":227,"covered":182,"skipped":0,"pct":80.17},"branches":{"total":44,"covered":32,"skipped":0,"pct":72.72}}
,"/Users/daniel/Developer/Rottay/ui-design-system/packages/core/src/components/patterns/file-manager/engines/modern/index.tsx": {"lines":{"total":221,"covered":154,"skipped":0,"pct":69.68},"functions":{"total":13,"covered":5,"skipped":0,"pct":38.46},"statements":{"total":221,"covered":154,"skipped":0,"pct":69.68},"branches":{"total":35,"covered":23,"skipped":0,"pct":65.71}}
,"/Users/daniel/Developer/Rottay/ui-design-system/packages/core/src/components/patterns/file-manager/engines/rustic/index.tsx": {"lines":{"total":249,"covered":187,"skipped":0,"pct":75.1},"functions":{"total":14,"covered":5,"skipped":0,"pct":35.71},"statements":{"total":249,"covered":187,"skipped":0,"pct":75.1},"branches":{"total":32,"covered":22,"skipped":0,"pct":68.75}}
,"/Users/daniel/Developer/Rottay/ui-design-system/packages/core/src/components/patterns/file-manager/types/index.ts": {"lines":{"total":0,"covered":0,"skipped":0,"pct":100},"functions":{"total":1,"covered":1,"skipped":0,"pct":100},"statements":{"total":0,"covered":0,"skipped":0,"pct":100},"branches":{"total":1,"covered":1,"skipped":0,"pct":100}}
,"/Users/daniel/Developer/Rottay/ui-design-system/packages/core/src/components/patterns/filter-panel/index.ts": {"lines":{"total":9,"covered":9,"skipped":0,"pct":100},"functions":{"total":3,"covered":3,"skipped":0,"pct":100},"statements":{"total":9,"covered":9,"skipped":0,"pct":100},"branches":{"total":3,"covered":3,"skipped":0,"pct":100}}
,"/Users/daniel/Developer/Rottay/ui-design-system/packages/core/src/components/patterns/filter-panel/engines/classic/index.tsx": {"lines":{"total":160,"covered":158,"skipped":0,"pct":98.75},"functions":{"total":12,"covered":10,"skipped":0,"pct":83.33},"statements":{"total":160,"covered":158,"skipped":0,"pct":98.75},"branches":{"total":34,"covered":24,"skipped":0,"pct":70.58}}
,"/Users/daniel/Developer/Rottay/ui-design-system/packages/core/src/components/patterns/filter-panel/engines/modern/index.tsx": {"lines":{"total":194,"covered":181,"skipped":0,"pct":93.29},"functions":{"total":14,"covered":9,"skipped":0,"pct":64.28},"statements":{"total":194,"covered":181,"skipped":0,"pct":93.29},"branches":{"total":44,"covered":34,"skipped":0,"pct":77.27}}
,"/Users/daniel/Developer/Rottay/ui-design-system/packages/core/src/components/patterns/filter-panel/engines/rustic/index.tsx": {"lines":{"total":239,"covered":228,"skipped":0,"pct":95.39},"functions":{"total":14,"covered":9,"skipped":0,"pct":64.28},"statements":{"total":239,"covered":228,"skipped":0,"pct":95.39},"branches":{"total":54,"covered":45,"skipped":0,"pct":83.33}}
,"/Users/daniel/Developer/Rottay/ui-design-system/packages/core/src/components/patterns/filter-panel/types/index.ts": {"lines":{"total":0,"covered":0,"skipped":0,"pct":100},"functions":{"total":1,"covered":1,"skipped":0,"pct":100},"statements":{"total":0,"covered":0,"skipped":0,"pct":100},"branches":{"total":1,"covered":1,"skipped":0,"pct":100}}
,"/Users/daniel/Developer/Rottay/ui-design-system/packages/core/src/components/patterns/form-builder/index.ts": {"lines":{"total":9,"covered":9,"skipped":0,"pct":100},"functions":{"total":3,"covered":3,"skipped":0,"pct":100},"statements":{"total":9,"covered":9,"skipped":0,"pct":100},"branches":{"total":3,"covered":3,"skipped":0,"pct":100}}
,"/Users/daniel/Developer/Rottay/ui-design-system/packages/core/src/components/patterns/form-builder/engines/classic/index.tsx": {"lines":{"total":218,"covered":206,"skipped":0,"pct":94.49},"functions":{"total":21,"covered":9,"skipped":0,"pct":42.85},"statements":{"total":218,"covered":206,"skipped":0,"pct":94.49},"branches":{"total":118,"covered":96,"skipped":0,"pct":81.35}}
,"/Users/daniel/Developer/Rottay/ui-design-system/packages/core/src/components/patterns/form-builder/engines/modern/index.tsx": {"lines":{"total":340,"covered":329,"skipped":0,"pct":96.76},"functions":{"total":23,"covered":17,"skipped":0,"pct":73.91},"statements":{"total":340,"covered":329,"skipped":0,"pct":96.76},"branches":{"total":142,"covered":125,"skipped":0,"pct":88.02}}
,"/Users/daniel/Developer/Rottay/ui-design-system/packages/core/src/components/patterns/form-builder/engines/rustic/index.tsx": {"lines":{"total":444,"covered":435,"skipped":0,"pct":97.97},"functions":{"total":24,"covered":18,"skipped":0,"pct":75},"statements":{"total":444,"covered":435,"skipped":0,"pct":97.97},"branches":{"total":158,"covered":137,"skipped":0,"pct":86.7}}
,"/Users/daniel/Developer/Rottay/ui-design-system/packages/core/src/components/patterns/form-builder/types/index.ts": {"lines":{"total":0,"covered":0,"skipped":0,"pct":100},"functions":{"total":1,"covered":1,"skipped":0,"pct":100},"statements":{"total":0,"covered":0,"skipped":0,"pct":100},"branches":{"total":1,"covered":1,"skipped":0,"pct":100}}
,"/Users/daniel/Developer/Rottay/ui-design-system/packages/core/src/components/patterns/hooks/columns.ts": {"lines":{"total":28,"covered":28,"skipped":0,"pct":100},"functions":{"total":4,"covered":4,"skipped":0,"pct":100},"statements":{"total":28,"covered":28,"skipped":0,"pct":100},"branches":{"total":5,"covered":5,"skipped":0,"pct":100}}
,"/Users/daniel/Developer/Rottay/ui-design-system/packages/core/src/components/patterns/hooks/createRecipeVariant.ts": {"lines":{"total":28,"covered":2,"skipped":0,"pct":7.14},"functions":{"total":1,"covered":0,"skipped":0,"pct":0},"statements":{"total":28,"covered":2,"skipped":0,"pct":7.14},"branches":{"total":0,"covered":0,"skipped":0,"pct":100}}
,"/Users/daniel/Developer/Rottay/ui-design-system/packages/core/src/components/patterns/hooks/index.ts": {"lines":{"total":1,"covered":1,"skipped":0,"pct":100},"functions":{"total":0,"covered":0,"skipped":0,"pct":100},"statements":{"total":1,"covered":1,"skipped":0,"pct":100},"branches":{"total":0,"covered":0,"skipped":0,"pct":100}}
,"/Users/daniel/Developer/Rottay/ui-design-system/packages/core/src/components/patterns/hooks/useDataTable.ts": {"lines":{"total":96,"covered":92,"skipped":0,"pct":95.83},"functions":{"total":2,"covered":2,"skipped":0,"pct":100},"statements":{"total":96,"covered":92,"skipped":0,"pct":95.83},"branches":{"total":37,"covered":24,"skipped":0,"pct":64.86}}
,"/Users/daniel/Developer/Rottay/ui-design-system/packages/core/src/components/patterns/hooks/useFilterPanel.ts": {"lines":{"total":52,"covered":52,"skipped":0,"pct":100},"functions":{"total":1,"covered":1,"skipped":0,"pct":100},"statements":{"total":52,"covered":52,"skipped":0,"pct":100},"branches":{"total":20,"covered":20,"skipped":0,"pct":100}}
,"/Users/daniel/Developer/Rottay/ui-design-system/packages/core/src/components/patterns/hooks/useFormBuilder.ts": {"lines":{"total":115,"covered":105,"skipped":0,"pct":91.3},"functions":{"total":4,"covered":4,"skipped":0,"pct":100},"statements":{"total":115,"covered":105,"skipped":0,"pct":91.3},"branches":{"total":44,"covered":37,"skipped":0,"pct":84.09}}
,"/Users/daniel/Developer/Rottay/ui-design-system/packages/core/src/components/patterns/hooks/useKanban.ts": {"lines":{"total":69,"covered":69,"skipped":0,"pct":100},"functions":{"total":1,"covered":1,"skipped":0,"pct":100},"statements":{"total":69,"covered":69,"skipped":0,"pct":100},"branches":{"total":36,"covered":34,"skipped":0,"pct":94.44}}
,"/Users/daniel/Developer/Rottay/ui-design-system/packages/core/src/components/patterns/invoice-template/index.ts": {"lines":{"total":9,"covered":9,"skipped":0,"pct":100},"functions":{"total":3,"covered":0,"skipped":0,"pct":0},"statements":{"total":9,"covered":9,"skipped":0,"pct":100},"branches":{"total":0,"covered":0,"skipped":0,"pct":100}}
,"/Users/daniel/Developer/Rottay/ui-design-system/packages/core/src/components/patterns/invoice-template/engines/classic/index.tsx": {"lines":{"total":101,"covered":98,"skipped":0,"pct":97.02},"functions":{"total":5,"covered":5,"skipped":0,"pct":100},"statements":{"total":101,"covered":98,"skipped":0,"pct":97.02},"branches":{"total":14,"covered":7,"skipped":0,"pct":50}}
,"/Users/daniel/Developer/Rottay/ui-design-system/packages/core/src/components/patterns/invoice-template/engines/modern/index.tsx": {"lines":{"total":119,"covered":113,"skipped":0,"pct":94.95},"functions":{"total":2,"covered":2,"skipped":0,"pct":100},"statements":{"total":119,"covered":113,"skipped":0,"pct":94.95},"branches":{"total":12,"covered":5,"skipped":0,"pct":41.66}}
,"/Users/daniel/Developer/Rottay/ui-design-system/packages/core/src/components/patterns/invoice-template/engines/rustic/index.tsx": {"lines":{"total":169,"covered":163,"skipped":0,"pct":96.44},"functions":{"total":2,"covered":2,"skipped":0,"pct":100},"statements":{"total":169,"covered":163,"skipped":0,"pct":96.44},"branches":{"total":12,"covered":5,"skipped":0,"pct":41.66}}
,"/Users/daniel/Developer/Rottay/ui-design-system/packages/core/src/components/patterns/invoice-template/types/index.ts": {"lines":{"total":0,"covered":0,"skipped":0,"pct":100},"functions":{"total":1,"covered":1,"skipped":0,"pct":100},"statements":{"total":0,"covered":0,"skipped":0,"pct":100},"branches":{"total":1,"covered":1,"skipped":0,"pct":100}}
,"/Users/daniel/Developer/Rottay/ui-design-system/packages/core/src/components/patterns/kanban-board/index.ts": {"lines":{"total":9,"covered":9,"skipped":0,"pct":100},"functions":{"total":3,"covered":3,"skipped":0,"pct":100},"statements":{"total":9,"covered":9,"skipped":0,"pct":100},"branches":{"total":3,"covered":3,"skipped":0,"pct":100}}
,"/Users/daniel/Developer/Rottay/ui-design-system/packages/core/src/components/patterns/kanban-board/engines/classic/index.tsx": {"lines":{"total":186,"covered":185,"skipped":0,"pct":99.46},"functions":{"total":8,"covered":6,"skipped":0,"pct":75},"statements":{"total":186,"covered":185,"skipped":0,"pct":99.46},"branches":{"total":35,"covered":34,"skipped":0,"pct":97.14}}
,"/Users/daniel/Developer/Rottay/ui-design-system/packages/core/src/components/patterns/kanban-board/engines/modern/index.tsx": {"lines":{"total":165,"covered":164,"skipped":0,"pct":99.39},"functions":{"total":8,"covered":6,"skipped":0,"pct":75},"statements":{"total":165,"covered":164,"skipped":0,"pct":99.39},"branches":{"total":38,"covered":37,"skipped":0,"pct":97.36}}
,"/Users/daniel/Developer/Rottay/ui-design-system/packages/core/src/components/patterns/kanban-board/engines/rustic/index.tsx": {"lines":{"total":241,"covered":234,"skipped":0,"pct":97.09},"functions":{"total":10,"covered":6,"skipped":0,"pct":60},"statements":{"total":241,"covered":234,"skipped":0,"pct":97.09},"branches":{"total":42,"covered":41,"skipped":0,"pct":97.61}}
,"/Users/daniel/Developer/Rottay/ui-design-system/packages/core/src/components/patterns/kanban-board/types/index.ts": {"lines":{"total":0,"covered":0,"skipped":0,"pct":100},"functions":{"total":1,"covered":1,"skipped":0,"pct":100},"statements":{"total":0,"covered":0,"skipped":0,"pct":100},"branches":{"total":1,"covered":1,"skipped":0,"pct":100}}
,"/Users/daniel/Developer/Rottay/ui-design-system/packages/core/src/components/patterns/live-feed/index.ts": {"lines":{"total":9,"covered":9,"skipped":0,"pct":100},"functions":{"total":3,"covered":3,"skipped":0,"pct":100},"statements":{"total":9,"covered":9,"skipped":0,"pct":100},"branches":{"total":3,"covered":3,"skipped":0,"pct":100}}
,"/Users/daniel/Developer/Rottay/ui-design-system/packages/core/src/components/patterns/live-feed/engines/classic/index.tsx": {"lines":{"total":77,"covered":77,"skipped":0,"pct":100},"functions":{"total":1,"covered":1,"skipped":0,"pct":100},"statements":{"total":77,"covered":77,"skipped":0,"pct":100},"branches":{"total":26,"covered":24,"skipped":0,"pct":92.3}}
,"/Users/daniel/Developer/Rottay/ui-design-system/packages/core/src/components/patterns/live-feed/engines/modern/index.tsx": {"lines":{"total":78,"covered":78,"skipped":0,"pct":100},"functions":{"total":1,"covered":1,"skipped":0,"pct":100},"statements":{"total":78,"covered":78,"skipped":0,"pct":100},"branches":{"total":31,"covered":26,"skipped":0,"pct":83.87}}
,"/Users/daniel/Developer/Rottay/ui-design-system/packages/core/src/components/patterns/live-feed/engines/rustic/index.tsx": {"lines":{"total":148,"covered":148,"skipped":0,"pct":100},"functions":{"total":2,"covered":2,"skipped":0,"pct":100},"statements":{"total":148,"covered":148,"skipped":0,"pct":100},"branches":{"total":31,"covered":28,"skipped":0,"pct":90.32}}
,"/Users/daniel/Developer/Rottay/ui-design-system/packages/core/src/components/patterns/live-feed/types/index.ts": {"lines":{"total":0,"covered":0,"skipped":0,"pct":100},"functions":{"total":1,"covered":1,"skipped":0,"pct":100},"statements":{"total":0,"covered":0,"skipped":0,"pct":100},"branches":{"total":1,"covered":1,"skipped":0,"pct":100}}
,"/Users/daniel/Developer/Rottay/ui-design-system/packages/core/src/components/patterns/map-view/index.ts": {"lines":{"total":9,"covered":9,"skipped":0,"pct":100},"functions":{"total":3,"covered":3,"skipped":0,"pct":100},"statements":{"total":9,"covered":9,"skipped":0,"pct":100},"branches":{"total":3,"covered":3,"skipped":0,"pct":100}}
,"/Users/daniel/Developer/Rottay/ui-design-system/packages/core/src/components/patterns/map-view/engines/classic/index.tsx": {"lines":{"total":83,"covered":82,"skipped":0,"pct":98.79},"functions":{"total":3,"covered":3,"skipped":0,"pct":100},"statements":{"total":83,"covered":82,"skipped":0,"pct":98.79},"branches":{"total":19,"covered":16,"skipped":0,"pct":84.21}}
,"/Users/daniel/Developer/Rottay/ui-design-system/packages/core/src/components/patterns/map-view/engines/modern/index.tsx": {"lines":{"total":82,"covered":78,"skipped":0,"pct":95.12},"functions":{"total":2,"covered":2,"skipped":0,"pct":100},"statements":{"total":82,"covered":78,"skipped":0,"pct":95.12},"branches":{"total":22,"covered":18,"skipped":0,"pct":81.81}}
,"/Users/daniel/Developer/Rottay/ui-design-system/packages/core/src/components/patterns/map-view/engines/rustic/index.tsx": {"lines":{"total":111,"covered":102,"skipped":0,"pct":91.89},"functions":{"total":2,"covered":2,"skipped":0,"pct":100},"statements":{"total":111,"covered":102,"skipped":0,"pct":91.89},"branches":{"total":24,"covered":20,"skipped":0,"pct":83.33}}
,"/Users/daniel/Developer/Rottay/ui-design-system/packages/core/src/components/patterns/map-view/types/index.ts": {"lines":{"total":0,"covered":0,"skipped":0,"pct":100},"functions":{"total":1,"covered":1,"skipped":0,"pct":100},"statements":{"total":0,"covered":0,"skipped":0,"pct":100},"branches":{"total":1,"covered":1,"skipped":0,"pct":100}}
,"/Users/daniel/Developer/Rottay/ui-design-system/packages/core/src/components/patterns/notification-center/index.ts": {"lines":{"total":9,"covered":9,"skipped":0,"pct":100},"functions":{"total":3,"covered":0,"skipped":0,"pct":0},"statements":{"total":9,"covered":9,"skipped":0,"pct":100},"branches":{"total":0,"covered":0,"skipped":0,"pct":100}}
,"/Users/daniel/Developer/Rottay/ui-design-system/packages/core/src/components/patterns/notification-center/engines/classic/index.tsx": {"lines":{"total":135,"covered":117,"skipped":0,"pct":86.66},"functions":{"total":9,"covered":5,"skipped":0,"pct":55.55},"statements":{"total":135,"covered":117,"skipped":0,"pct":86.66},"branches":{"total":24,"covered":18,"skipped":0,"pct":75}}
,"/Users/daniel/Developer/Rottay/ui-design-system/packages/core/src/components/patterns/notification-center/engines/modern/index.tsx": {"lines":{"total":145,"covered":123,"skipped":0,"pct":84.82},"functions":{"total":7,"covered":3,"skipped":0,"pct":42.85},"statements":{"total":145,"covered":123,"skipped":0,"pct":84.82},"branches":{"total":32,"covered":24,"skipped":0,"pct":75}}
,"/Users/daniel/Developer/Rottay/ui-design-system/packages/core/src/components/patterns/notification-center/engines/rustic/index.tsx": {"lines":{"total":201,"covered":177,"skipped":0,"pct":88.05},"functions":{"total":8,"covered":3,"skipped":0,"pct":37.5},"statements":{"total":201,"covered":177,"skipped":0,"pct":88.05},"branches":{"total":33,"covered":24,"skipped":0,"pct":72.72}}
,"/Users/daniel/Developer/Rottay/ui-design-system/packages/core/src/components/patterns/notification-center/types/index.ts": {"lines":{"total":0,"covered":0,"skipped":0,"pct":100},"functions":{"total":1,"covered":1,"skipped":0,"pct":100},"statements":{"total":0,"covered":0,"skipped":0,"pct":100},"branches":{"total":1,"covered":1,"skipped":0,"pct":100}}
,"/Users/daniel/Developer/Rottay/ui-design-system/packages/core/src/components/patterns/page-shell/index.ts": {"lines":{"total":9,"covered":9,"skipped":0,"pct":100},"functions":{"total":3,"covered":3,"skipped":0,"pct":100},"statements":{"total":9,"covered":9,"skipped":0,"pct":100},"branches":{"total":3,"covered":3,"skipped":0,"pct":100}}
,"/Users/daniel/Developer/Rottay/ui-design-system/packages/core/src/components/patterns/page-shell/engines/classic/index.tsx": {"lines":{"total":87,"covered":87,"skipped":0,"pct":100},"functions":{"total":2,"covered":1,"skipped":0,"pct":50},"statements":{"total":87,"covered":87,"skipped":0,"pct":100},"branches":{"total":26,"covered":24,"skipped":0,"pct":92.3}}
,"/Users/daniel/Developer/Rottay/ui-design-system/packages/core/src/components/patterns/page-shell/engines/modern/index.tsx": {"lines":{"total":82,"covered":82,"skipped":0,"pct":100},"functions":{"total":3,"covered":3,"skipped":0,"pct":100},"statements":{"total":82,"covered":82,"skipped":0,"pct":100},"branches":{"total":31,"covered":30,"skipped":0,"pct":96.77}}
,"/Users/daniel/Developer/Rottay/ui-design-system/packages/core/src/components/patterns/page-shell/engines/rustic/index.tsx": {"lines":{"total":122,"covered":122,"skipped":0,"pct":100},"functions":{"total":3,"covered":3,"skipped":0,"pct":100},"statements":{"total":122,"covered":122,"skipped":0,"pct":100},"branches":{"total":35,"covered":34,"skipped":0,"pct":97.14}}
,"/Users/daniel/Developer/Rottay/ui-design-system/packages/core/src/components/patterns/page-shell/types/index.ts": {"lines":{"total":0,"covered":0,"skipped":0,"pct":100},"functions":{"total":1,"covered":1,"skipped":0,"pct":100},"statements":{"total":0,"covered":0,"skipped":0,"pct":100},"branches":{"total":1,"covered":1,"skipped":0,"pct":100}}
,"/Users/daniel/Developer/Rottay/ui-design-system/packages/core/src/components/patterns/pricing-table/index.ts": {"lines":{"total":9,"covered":9,"skipped":0,"pct":100},"functions":{"total":3,"covered":0,"skipped":0,"pct":0},"statements":{"total":9,"covered":9,"skipped":0,"pct":100},"branches":{"total":0,"covered":0,"skipped":0,"pct":100}}
,"/Users/daniel/Developer/Rottay/ui-design-system/packages/core/src/components/patterns/pricing-table/engines/classic/index.tsx": {"lines":{"total":119,"covered":85,"skipped":0,"pct":71.42},"functions":{"total":4,"covered":3,"skipped":0,"pct":75},"statements":{"total":119,"covered":85,"skipped":0,"pct":71.42},"branches":{"total":27,"covered":18,"skipped":0,"pct":66.66}}
,"/Users/daniel/Developer/Rottay/ui-design-system/packages/core/src/components/patterns/pricing-table/engines/modern/index.tsx": {"lines":{"total":106,"covered":77,"skipped":0,"pct":72.64},"functions":{"total":4,"covered":3,"skipped":0,"pct":75},"statements":{"total":106,"covered":77,"skipped":0,"pct":72.64},"branches":{"total":25,"covered":16,"skipped":0,"pct":64}}
,"/Users/daniel/Developer/Rottay/ui-design-system/packages/core/src/components/patterns/pricing-table/engines/rustic/index.tsx": {"lines":{"total":176,"covered":114,"skipped":0,"pct":64.77},"functions":{"total":4,"covered":3,"skipped":0,"pct":75},"statements":{"total":176,"covered":114,"skipped":0,"pct":64.77},"branches":{"total":26,"covered":18,"skipped":0,"pct":69.23}}
,"/Users/daniel/Developer/Rottay/ui-design-system/packages/core/src/components/patterns/pricing-table/types/index.ts": {"lines":{"total":0,"covered":0,"skipped":0,"pct":100},"functions":{"total":1,"covered":1,"skipped":0,"pct":100},"statements":{"total":0,"covered":0,"skipped":0,"pct":100},"branches":{"total":1,"covered":1,"skipped":0,"pct":100}}
,"/Users/daniel/Developer/Rottay/ui-design-system/packages/core/src/components/patterns/stats-grid/index.ts": {"lines":{"total":9,"covered":9,"skipped":0,"pct":100},"functions":{"total":3,"covered":3,"skipped":0,"pct":100},"statements":{"total":9,"covered":9,"skipped":0,"pct":100},"branches":{"total":3,"covered":3,"skipped":0,"pct":100}}
,"/Users/daniel/Developer/Rottay/ui-design-system/packages/core/src/components/patterns/stats-grid/personality.ts": {"lines":{"total":15,"covered":15,"skipped":0,"pct":100},"functions":{"total":1,"covered":1,"skipped":0,"pct":100},"statements":{"total":15,"covered":15,"skipped":0,"pct":100},"branches":{"total":4,"covered":4,"skipped":0,"pct":100}}
,"/Users/daniel/Developer/Rottay/ui-design-system/packages/core/src/components/patterns/stats-grid/engines/classic/index.tsx": {"lines":{"total":161,"covered":161,"skipped":0,"pct":100},"functions":{"total":8,"covered":8,"skipped":0,"pct":100},"statements":{"total":161,"covered":161,"skipped":0,"pct":100},"branches":{"total":44,"covered":40,"skipped":0,"pct":90.9}}
,"/Users/daniel/Developer/Rottay/ui-design-system/packages/core/src/components/patterns/stats-grid/engines/modern/index.tsx": {"lines":{"total":155,"covered":155,"skipped":0,"pct":100},"functions":{"total":9,"covered":9,"skipped":0,"pct":100},"statements":{"total":155,"covered":155,"skipped":0,"pct":100},"branches":{"total":49,"covered":44,"skipped":0,"pct":89.79}}
,"/Users/daniel/Developer/Rottay/ui-design-system/packages/core/src/components/patterns/stats-grid/engines/rustic/index.tsx": {"lines":{"total":231,"covered":225,"skipped":0,"pct":97.4},"functions":{"total":11,"covered":9,"skipped":0,"pct":81.81},"statements":{"total":231,"covered":225,"skipped":0,"pct":97.4},"branches":{"total":57,"covered":50,"skipped":0,"pct":87.71}}
,"/Users/daniel/Developer/Rottay/ui-design-system/packages/core/src/components/patterns/stats-grid/types/index.ts": {"lines":{"total":0,"covered":0,"skipped":0,"pct":100},"functions":{"total":1,"covered":1,"skipped":0,"pct":100},"statements":{"total":0,"covered":0,"skipped":0,"pct":100},"branches":{"total":1,"covered":1,"skipped":0,"pct":100}}
,"/Users/daniel/Developer/Rottay/ui-design-system/packages/core/src/components/patterns/step-wizard/index.ts": {"lines":{"total":9,"covered":9,"skipped":0,"pct":100},"functions":{"total":3,"covered":3,"skipped":0,"pct":100},"statements":{"total":9,"covered":9,"skipped":0,"pct":100},"branches":{"total":3,"covered":3,"skipped":0,"pct":100}}
,"/Users/daniel/Developer/Rottay/ui-design-system/packages/core/src/components/patterns/step-wizard/engines/classic/index.tsx": {"lines":{"total":140,"covered":130,"skipped":0,"pct":92.85},"functions":{"total":7,"covered":5,"skipped":0,"pct":71.42},"statements":{"total":140,"covered":130,"skipped":0,"pct":92.85},"branches":{"total":34,"covered":32,"skipped":0,"pct":94.11}}
,"/Users/daniel/Developer/Rottay/ui-design-system/packages/core/src/components/patterns/step-wizard/engines/modern/index.tsx": {"lines":{"total":137,"covered":127,"skipped":0,"pct":92.7},"functions":{"total":7,"covered":5,"skipped":0,"pct":71.42},"statements":{"total":137,"covered":127,"skipped":0,"pct":92.7},"branches":{"total":39,"covered":37,"skipped":0,"pct":94.87}}
,"/Users/daniel/Developer/Rottay/ui-design-system/packages/core/src/components/patterns/step-wizard/engines/rustic/index.tsx": {"lines":{"total":250,"covered":241,"skipped":0,"pct":96.4},"functions":{"total":14,"covered":12,"skipped":0,"pct":85.71},"statements":{"total":250,"covered":241,"skipped":0,"pct":96.4},"branches":{"total":74,"covered":72,"skipped":0,"pct":97.29}}
,"/Users/daniel/Developer/Rottay/ui-design-system/packages/core/src/components/patterns/step-wizard/types/index.ts": {"lines":{"total":0,"covered":0,"skipped":0,"pct":100},"functions":{"total":1,"covered":1,"skipped":0,"pct":100},"statements":{"total":0,"covered":0,"skipped":0,"pct":100},"branches":{"total":1,"covered":1,"skipped":0,"pct":100}}
,"/Users/daniel/Developer/Rottay/ui-design-system/packages/core/src/components/patterns/timeline/index.ts": {"lines":{"total":9,"covered":9,"skipped":0,"pct":100},"functions":{"total":3,"covered":3,"skipped":0,"pct":100},"statements":{"total":9,"covered":9,"skipped":0,"pct":100},"branches":{"total":3,"covered":3,"skipped":0,"pct":100}}
,"/Users/daniel/Developer/Rottay/ui-design-system/packages/core/src/components/patterns/timeline/engines/classic/index.tsx": {"lines":{"total":98,"covered":98,"skipped":0,"pct":100},"functions":{"total":6,"covered":6,"skipped":0,"pct":100},"statements":{"total":98,"covered":98,"skipped":0,"pct":100},"branches":{"total":38,"covered":32,"skipped":0,"pct":84.21}}
,"/Users/daniel/Developer/Rottay/ui-design-system/packages/core/src/components/patterns/timeline/engines/modern/index.tsx": {"lines":{"total":123,"covered":119,"skipped":0,"pct":96.74},"functions":{"total":6,"covered":6,"skipped":0,"pct":100},"statements":{"total":123,"covered":119,"skipped":0,"pct":96.74},"branches":{"total":43,"covered":34,"skipped":0,"pct":79.06}}
,"/Users/daniel/Developer/Rottay/ui-design-system/packages/core/src/components/patterns/timeline/engines/rustic/index.tsx": {"lines":{"total":207,"covered":207,"skipped":0,"pct":100},"functions":{"total":11,"covered":11,"skipped":0,"pct":100},"statements":{"total":207,"covered":207,"skipped":0,"pct":100},"branches":{"total":38,"covered":34,"skipped":0,"pct":89.47}}
,"/Users/daniel/Developer/Rottay/ui-design-system/packages/core/src/components/patterns/timeline/types/index.ts": {"lines":{"total":0,"covered":0,"skipped":0,"pct":100},"functions":{"total":1,"covered":1,"skipped":0,"pct":100},"statements":{"total":0,"covered":0,"skipped":0,"pct":100},"branches":{"total":1,"covered":1,"skipped":0,"pct":100}}
,"/Users/daniel/Developer/Rottay/ui-design-system/packages/core/src/components/patterns/tree-view/index.ts": {"lines":{"total":9,"covered":9,"skipped":0,"pct":100},"functions":{"total":3,"covered":3,"skipped":0,"pct":100},"statements":{"total":9,"covered":9,"skipped":0,"pct":100},"branches":{"total":3,"covered":3,"skipped":0,"pct":100}}
,"/Users/daniel/Developer/Rottay/ui-design-system/packages/core/src/components/patterns/tree-view/engines/classic/index.tsx": {"lines":{"total":92,"covered":86,"skipped":0,"pct":93.47},"functions":{"total":8,"covered":7,"skipped":0,"pct":87.5},"statements":{"total":92,"covered":86,"skipped":0,"pct":93.47},"branches":{"total":28,"covered":26,"skipped":0,"pct":92.85}}
,"/Users/daniel/Developer/Rottay/ui-design-system/packages/core/src/components/patterns/tree-view/engines/modern/index.tsx": {"lines":{"total":115,"covered":113,"skipped":0,"pct":98.26},"functions":{"total":8,"covered":8,"skipped":0,"pct":100},"statements":{"total":115,"covered":113,"skipped":0,"pct":98.26},"branches":{"total":53,"covered":46,"skipped":0,"pct":86.79}}
,"/Users/daniel/Developer/Rottay/ui-design-system/packages/core/src/components/patterns/tree-view/engines/rustic/index.tsx": {"lines":{"total":184,"covered":182,"skipped":0,"pct":98.91},"functions":{"total":11,"covered":11,"skipped":0,"pct":100},"statements":{"total":184,"covered":182,"skipped":0,"pct":98.91},"branches":{"total":62,"covered":55,"skipped":0,"pct":88.7}}
,"/Users/daniel/Developer/Rottay/ui-design-system/packages/core/src/components/patterns/tree-view/types/index.ts": {"lines":{"total":0,"covered":0,"skipped":0,"pct":100},"functions":{"total":1,"covered":1,"skipped":0,"pct":100},"statements":{"total":0,"covered":0,"skipped":0,"pct":100},"branches":{"total":1,"covered":1,"skipped":0,"pct":100}}
,"/Users/daniel/Developer/Rottay/ui-design-system/packages/core/src/components/patterns/user-profile-card/index.ts": {"lines":{"total":9,"covered":9,"skipped":0,"pct":100},"functions":{"total":3,"covered":0,"skipped":0,"pct":0},"statements":{"total":9,"covered":9,"skipped":0,"pct":100},"branches":{"total":0,"covered":0,"skipped":0,"pct":100}}
,"/Users/daniel/Developer/Rottay/ui-design-system/packages/core/src/components/patterns/user-profile-card/engines/classic/index.tsx": {"lines":{"total":126,"covered":124,"skipped":0,"pct":98.41},"functions":{"total":2,"covered":2,"skipped":0,"pct":100},"statements":{"total":126,"covered":124,"skipped":0,"pct":98.41},"branches":{"total":22,"covered":13,"skipped":0,"pct":59.09}}
,"/Users/daniel/Developer/Rottay/ui-design-system/packages/core/src/components/patterns/user-profile-card/engines/modern/index.tsx": {"lines":{"total":111,"covered":101,"skipped":0,"pct":90.99},"functions":{"total":2,"covered":2,"skipped":0,"pct":100},"statements":{"total":111,"covered":101,"skipped":0,"pct":90.99},"branches":{"total":25,"covered":16,"skipped":0,"pct":64}}
,"/Users/daniel/Developer/Rottay/ui-design-system/packages/core/src/components/patterns/user-profile-card/engines/rustic/index.tsx": {"lines":{"total":179,"covered":172,"skipped":0,"pct":96.08},"functions":{"total":5,"covered":5,"skipped":0,"pct":100},"statements":{"total":179,"covered":172,"skipped":0,"pct":96.08},"branches":{"total":26,"covered":15,"skipped":0,"pct":57.69}}
,"/Users/daniel/Developer/Rottay/ui-design-system/packages/core/src/components/patterns/user-profile-card/types/index.ts": {"lines":{"total":0,"covered":0,"skipped":0,"pct":100},"functions":{"total":1,"covered":1,"skipped":0,"pct":100},"statements":{"total":0,"covered":0,"skipped":0,"pct":100},"branches":{"total":1,"covered":1,"skipped":0,"pct":100}}
,"/Users/daniel/Developer/Rottay/ui-design-system/packages/core/src/components/primitives/index.ts": {"lines":{"total":7,"covered":7,"skipped":0,"pct":100},"functions":{"total":0,"covered":0,"skipped":0,"pct":100},"statements":{"total":7,"covered":7,"skipped":0,"pct":100},"branches":{"total":0,"covered":0,"skipped":0,"pct":100}}
,"/Users/daniel/Developer/Rottay/ui-design-system/packages/core/src/components/primitives/display/index.ts": {"lines":{"total":1,"covered":1,"skipped":0,"pct":100},"functions":{"total":0,"covered":0,"skipped":0,"pct":100},"statements":{"total":1,"covered":1,"skipped":0,"pct":100},"branches":{"total":0,"covered":0,"skipped":0,"pct":100}}
,"/Users/daniel/Developer/Rottay/ui-design-system/packages/core/src/components/primitives/display/Avatar/index.ts": {"lines":{"total":13,"covered":13,"skipped":0,"pct":100},"functions":{"total":3,"covered":3,"skipped":0,"pct":100},"statements":{"total":13,"covered":13,"skipped":0,"pct":100},"branches":{"total":3,"covered":3,"skipped":0,"pct":100}}
,"/Users/daniel/Developer/Rottay/ui-design-system/packages/core/src/components/primitives/display/Avatar/compound/index.ts": {"lines":{"total":1,"covered":1,"skipped":0,"pct":100},"functions":{"total":0,"covered":0,"skipped":0,"pct":100},"statements":{"total":1,"covered":1,"skipped":0,"pct":100},"branches":{"total":0,"covered":0,"skipped":0,"pct":100}}
,"/Users/daniel/Developer/Rottay/ui-design-system/packages/core/src/components/primitives/display/Avatar/compound/Badge/index.tsx": {"lines":{"total":40,"covered":40,"skipped":0,"pct":100},"functions":{"total":1,"covered":1,"skipped":0,"pct":100},"statements":{"total":40,"covered":40,"skipped":0,"pct":100},"branches":{"total":3,"covered":1,"skipped":0,"pct":33.33}}
,"/Users/daniel/Developer/Rottay/ui-design-system/packages/core/src/components/primitives/display/Avatar/compound/Fallback/index.tsx": {"lines":{"total":33,"covered":3,"skipped":0,"pct":9.09},"functions":{"total":1,"covered":0,"skipped":0,"pct":0},"statements":{"total":33,"covered":3,"skipped":0,"pct":9.09},"branches":{"total":0,"covered":0,"skipped":0,"pct":100}}
,"/Users/daniel/Developer/Rottay/ui-design-system/packages/core/src/components/primitives/display/Avatar/compound/Group/index.tsx": {"lines":{"total":44,"covered":37,"skipped":0,"pct":84.09},"functions":{"total":1,"covered":1,"skipped":0,"pct":100},"statements":{"total":44,"covered":37,"skipped":0,"pct":84.09},"branches":{"total":6,"covered":2,"skipped":0,"pct":33.33}}
,"/Users/daniel/Developer/Rottay/ui-design-system/packages/core/src/components/primitives/display/Avatar/engines/index.ts": {"lines":{"total":1,"covered":1,"skipped":0,"pct":100},"functions":{"total":0,"covered":0,"skipped":0,"pct":100},"statements":{"total":1,"covered":1,"skipped":0,"pct":100},"branches":{"total":0,"covered":0,"skipped":0,"pct":100}}
,"/Users/daniel/Developer/Rottay/ui-design-system/packages/core/src/components/primitives/display/Avatar/engines/classic/index.tsx": {"lines":{"total":68,"covered":54,"skipped":0,"pct":79.41},"functions":{"total":3,"covered":2,"skipped":0,"pct":66.66},"statements":{"total":68,"covered":54,"skipped":0,"pct":79.41},"branches":{"total":11,"covered":3,"skipped":0,"pct":27.27}}
,"/Users/daniel/Developer/Rottay/ui-design-system/packages/core/src/components/primitives/display/Avatar/engines/modern/index.tsx": {"lines":{"total":108,"covered":107,"skipped":0,"pct":99.07},"functions":{"total":4,"covered":4,"skipped":0,"pct":100},"statements":{"total":108,"covered":107,"skipped":0,"pct":99.07},"branches":{"total":30,"covered":24,"skipped":0,"pct":80}}
,"/Users/daniel/Developer/Rottay/ui-design-system/packages/core/src/components/primitives/display/Avatar/engines/rustic/index.tsx": {"lines":{"total":103,"covered":100,"skipped":0,"pct":97.08},"functions":{"total":4,"covered":4,"skipped":0,"pct":100},"statements":{"total":103,"covered":100,"skipped":0,"pct":97.08},"branches":{"total":30,"covered":25,"skipped":0,"pct":83.33}}
,"/Users/daniel/Developer/Rottay/ui-design-system/packages/core/src/components/primitives/display/Avatar/types/index.ts": {"lines":{"total":17,"covered":17,"skipped":0,"pct":100},"functions":{"total":0,"covered":0,"skipped":0,"pct":100},"statements":{"total":17,"covered":17,"skipped":0,"pct":100},"branches":{"total":0,"covered":0,"skipped":0,"pct":100}}
,"/Users/daniel/Developer/Rottay/ui-design-system/packages/core/src/components/primitives/display/Badge/index.ts": {"lines":{"total":20,"covered":20,"skipped":0,"pct":100},"functions":{"total":3,"covered":3,"skipped":0,"pct":100},"statements":{"total":20,"covered":20,"skipped":0,"pct":100},"branches":{"total":7,"covered":7,"skipped":0,"pct":100}}
,"/Users/daniel/Developer/Rottay/ui-design-system/packages/core/src/components/primitives/display/Badge/compound/index.ts": {"lines":{"total":0,"covered":0,"skipped":0,"pct":100},"functions":{"total":0,"covered":0,"skipped":0,"pct":100},"statements":{"total":0,"covered":0,"skipped":0,"pct":100},"branches":{"total":0,"covered":0,"skipped":0,"pct":100}}
,"/Users/daniel/Developer/Rottay/ui-design-system/packages/core/src/components/primitives/display/Badge/engines/index.ts": {"lines":{"total":1,"covered":1,"skipped":0,"pct":100},"functions":{"total":0,"covered":0,"skipped":0,"pct":100},"statements":{"total":1,"covered":1,"skipped":0,"pct":100},"branches":{"total":0,"covered":0,"skipped":0,"pct":100}}
,"/Users/daniel/Developer/Rottay/ui-design-system/packages/core/src/components/primitives/display/Badge/engines/classic/index.tsx": {"lines":{"total":99,"covered":61,"skipped":0,"pct":61.61},"functions":{"total":4,"covered":2,"skipped":0,"pct":50},"statements":{"total":99,"covered":61,"skipped":0,"pct":61.61},"branches":{"total":18,"covered":7,"skipped":0,"pct":38.88}}
,"/Users/daniel/Developer/Rottay/ui-design-system/packages/core/src/components/primitives/display/Badge/engines/modern/index.tsx": {"lines":{"total":119,"covered":119,"skipped":0,"pct":100},"functions":{"total":3,"covered":3,"skipped":0,"pct":100},"statements":{"total":119,"covered":119,"skipped":0,"pct":100},"branches":{"total":44,"covered":37,"skipped":0,"pct":84.09}}
,"/Users/daniel/Developer/Rottay/ui-design-system/packages/core/src/components/primitives/display/Badge/engines/rustic/index.tsx": {"lines":{"total":166,"covered":158,"skipped":0,"pct":95.18},"functions":{"total":4,"covered":4,"skipped":0,"pct":100},"statements":{"total":166,"covered":158,"skipped":0,"pct":95.18},"branches":{"total":55,"covered":45,"skipped":0,"pct":81.81}}
,"/Users/daniel/Developer/Rottay/ui-design-system/packages/core/src/components/primitives/display/Badge/types/index.ts": {"lines":{"total":41,"covered":41,"skipped":0,"pct":100},"functions":{"total":0,"covered":0,"skipped":0,"pct":100},"statements":{"total":41,"covered":41,"skipped":0,"pct":100},"branches":{"total":0,"covered":0,"skipped":0,"pct":100}}
,"/Users/daniel/Developer/Rottay/ui-design-system/packages/core/src/components/primitives/display/Calendar/index.ts": {"lines":{"total":6,"covered":6,"skipped":0,"pct":100},"functions":{"total":3,"covered":3,"skipped":0,"pct":100},"statements":{"total":6,"covered":6,"skipped":0,"pct":100},"branches":{"total":3,"covered":3,"skipped":0,"pct":100}}
,"/Users/daniel/Developer/Rottay/ui-design-system/packages/core/src/components/primitives/display/Calendar/engines/index.ts": {"lines":{"total":1,"covered":1,"skipped":0,"pct":100},"functions":{"total":0,"covered":0,"skipped":0,"pct":100},"statements":{"total":1,"covered":1,"skipped":0,"pct":100},"branches":{"total":0,"covered":0,"skipped":0,"pct":100}}
,"/Users/daniel/Developer/Rottay/ui-design-system/packages/core/src/components/primitives/display/Calendar/engines/classic/index.tsx": {"lines":{"total":93,"covered":92,"skipped":0,"pct":98.92},"functions":{"total":10,"covered":9,"skipped":0,"pct":90},"statements":{"total":93,"covered":92,"skipped":0,"pct":98.92},"branches":{"total":22,"covered":20,"skipped":0,"pct":90.9}}
,"/Users/daniel/Developer/Rottay/ui-design-system/packages/core/src/components/primitives/display/Calendar/engines/modern/index.tsx": {"lines":{"total":182,"covered":178,"skipped":0,"pct":97.8},"functions":{"total":11,"covered":11,"skipped":0,"pct":100},"statements":{"total":182,"covered":178,"skipped":0,"pct":97.8},"branches":{"total":70,"covered":62,"skipped":0,"pct":88.57}}
,"/Users/daniel/Developer/Rottay/ui-design-system/packages/core/src/components/primitives/display/Calendar/engines/rustic/index.tsx": {"lines":{"total":338,"covered":334,"skipped":0,"pct":98.81},"functions":{"total":23,"covered":15,"skipped":0,"pct":65.21},"statements":{"total":338,"covered":334,"skipped":0,"pct":98.81},"branches":{"total":89,"covered":77,"skipped":0,"pct":86.51}}
,"/Users/daniel/Developer/Rottay/ui-design-system/packages/core/src/components/primitives/display/Calendar/types/index.ts": {"lines":{"total":1,"covered":1,"skipped":0,"pct":100},"functions":{"total":0,"covered":0,"skipped":0,"pct":100},"statements":{"total":1,"covered":1,"skipped":0,"pct":100},"branches":{"total":0,"covered":0,"skipped":0,"pct":100}}
,"/Users/daniel/Developer/Rottay/ui-design-system/packages/core/src/components/primitives/display/Callout/index.ts": {"lines":{"total":7,"covered":7,"skipped":0,"pct":100},"functions":{"total":3,"covered":0,"skipped":0,"pct":0},"statements":{"total":7,"covered":7,"skipped":0,"pct":100},"branches":{"total":0,"covered":0,"skipped":0,"pct":100}}
,"/Users/daniel/Developer/Rottay/ui-design-system/packages/core/src/components/primitives/display/Callout/engines/index.ts": {"lines":{"total":1,"covered":1,"skipped":0,"pct":100},"functions":{"total":0,"covered":0,"skipped":0,"pct":100},"statements":{"total":1,"covered":1,"skipped":0,"pct":100},"branches":{"total":0,"covered":0,"skipped":0,"pct":100}}
,"/Users/daniel/Developer/Rottay/ui-design-system/packages/core/src/components/primitives/display/Callout/engines/classic/index.tsx": {"lines":{"total":83,"covered":2,"skipped":0,"pct":2.4},"functions":{"total":1,"covered":0,"skipped":0,"pct":0},"statements":{"total":83,"covered":2,"skipped":0,"pct":2.4},"branches":{"total":0,"covered":0,"skipped":0,"pct":100}}
,"/Users/daniel/Developer/Rottay/ui-design-system/packages/core/src/components/primitives/display/Callout/engines/modern/index.tsx": {"lines":{"total":52,"covered":8,"skipped":0,"pct":15.38},"functions":{"total":1,"covered":0,"skipped":0,"pct":0},"statements":{"total":52,"covered":8,"skipped":0,"pct":15.38},"branches":{"total":0,"covered":0,"skipped":0,"pct":100}}
,"/Users/daniel/Developer/Rottay/ui-design-system/packages/core/src/components/primitives/display/Callout/engines/rustic/index.tsx": {"lines":{"total":83,"covered":2,"skipped":0,"pct":2.4},"functions":{"total":1,"covered":0,"skipped":0,"pct":0},"statements":{"total":83,"covered":2,"skipped":0,"pct":2.4},"branches":{"total":0,"covered":0,"skipped":0,"pct":100}}
,"/Users/daniel/Developer/Rottay/ui-design-system/packages/core/src/components/primitives/display/Callout/types/index.ts": {"lines":{"total":37,"covered":37,"skipped":0,"pct":100},"functions":{"total":0,"covered":0,"skipped":0,"pct":100},"statements":{"total":37,"covered":37,"skipped":0,"pct":100},"branches":{"total":0,"covered":0,"skipped":0,"pct":100}}
,"/Users/daniel/Developer/Rottay/ui-design-system/packages/core/src/components/primitives/display/Card/index.ts": {"lines":{"total":35,"covered":35,"skipped":0,"pct":100},"functions":{"total":3,"covered":3,"skipped":0,"pct":100},"statements":{"total":35,"covered":35,"skipped":0,"pct":100},"branches":{"total":12,"covered":12,"skipped":0,"pct":100}}
,"/Users/daniel/Developer/Rottay/ui-design-system/packages/core/src/components/primitives/display/Card/compound/index.ts": {"lines":{"total":1,"covered":1,"skipped":0,"pct":100},"functions":{"total":0,"covered":0,"skipped":0,"pct":100},"statements":{"total":1,"covered":1,"skipped":0,"pct":100},"branches":{"total":0,"covered":0,"skipped":0,"pct":100}}
,"/Users/daniel/Developer/Rottay/ui-design-system/packages/core/src/components/primitives/display/Card/compound/Body/index.tsx": {"lines":{"total":24,"covered":24,"skipped":0,"pct":100},"functions":{"total":1,"covered":1,"skipped":0,"pct":100},"statements":{"total":24,"covered":24,"skipped":0,"pct":100},"branches":{"total":1,"covered":1,"skipped":0,"pct":100}}
,"/Users/daniel/Developer/Rottay/ui-design-system/packages/core/src/components/primitives/display/Card/compound/Footer/index.tsx": {"lines":{"total":49,"covered":49,"skipped":0,"pct":100},"functions":{"total":1,"covered":1,"skipped":0,"pct":100},"statements":{"total":49,"covered":49,"skipped":0,"pct":100},"branches":{"total":5,"covered":4,"skipped":0,"pct":80}}
,"/Users/daniel/Developer/Rottay/ui-design-system/packages/core/src/components/primitives/display/Card/compound/Header/index.tsx": {"lines":{"total":88,"covered":88,"skipped":0,"pct":100},"functions":{"total":1,"covered":1,"skipped":0,"pct":100},"statements":{"total":88,"covered":88,"skipped":0,"pct":100},"branches":{"total":6,"covered":4,"skipped":0,"pct":66.66}}
,"/Users/daniel/Developer/Rottay/ui-design-system/packages/core/src/components/primitives/display/Card/compound/Image/index.tsx": {"lines":{"total":152,"covered":128,"skipped":0,"pct":84.21},"functions":{"total":3,"covered":3,"skipped":0,"pct":100},"statements":{"total":152,"covered":128,"skipped":0,"pct":84.21},"branches":{"total":17,"covered":10,"skipped":0,"pct":58.82}}
,"/Users/daniel/Developer/Rottay/ui-design-system/packages/core/src/components/primitives/display/Card/engines/index.ts": {"lines":{"total":1,"covered":1,"skipped":0,"pct":100},"functions":{"total":0,"covered":0,"skipped":0,"pct":100},"statements":{"total":1,"covered":1,"skipped":0,"pct":100},"branches":{"total":0,"covered":0,"skipped":0,"pct":100}}
,"/Users/daniel/Developer/Rottay/ui-design-system/packages/core/src/components/primitives/display/Card/engines/classic/index.tsx": {"lines":{"total":82,"covered":81,"skipped":0,"pct":98.78},"functions":{"total":1,"covered":1,"skipped":0,"pct":100},"statements":{"total":82,"covered":81,"skipped":0,"pct":98.78},"branches":{"total":24,"covered":18,"skipped":0,"pct":75}}
,"/Users/daniel/Developer/Rottay/ui-design-system/packages/core/src/components/primitives/display/Card/engines/modern/index.tsx": {"lines":{"total":168,"covered":161,"skipped":0,"pct":95.83},"functions":{"total":4,"covered":4,"skipped":0,"pct":100},"statements":{"total":168,"covered":161,"skipped":0,"pct":95.83},"branches":{"total":39,"covered":32,"skipped":0,"pct":82.05}}
,"/Users/daniel/Developer/Rottay/ui-design-system/packages/core/src/components/primitives/display/Card/engines/rustic/index.tsx": {"lines":{"total":189,"covered":181,"skipped":0,"pct":95.76},"functions":{"total":3,"covered":2,"skipped":0,"pct":66.66},"statements":{"total":189,"covered":181,"skipped":0,"pct":95.76},"branches":{"total":45,"covered":38,"skipped":0,"pct":84.44}}
,"/Users/daniel/Developer/Rottay/ui-design-system/packages/core/src/components/primitives/display/Card/types/index.ts": {"lines":{"total":58,"covered":58,"skipped":0,"pct":100},"functions":{"total":0,"covered":0,"skipped":0,"pct":100},"statements":{"total":58,"covered":58,"skipped":0,"pct":100},"branches":{"total":0,"covered":0,"skipped":0,"pct":100}}
,"/Users/daniel/Developer/Rottay/ui-design-system/packages/core/src/components/primitives/display/Carousel/index.ts": {"lines":{"total":12,"covered":12,"skipped":0,"pct":100},"functions":{"total":3,"covered":3,"skipped":0,"pct":100},"statements":{"total":12,"covered":12,"skipped":0,"pct":100},"branches":{"total":3,"covered":3,"skipped":0,"pct":100}}
,"/Users/daniel/Developer/Rottay/ui-design-system/packages/core/src/components/primitives/display/Carousel/compound/index.ts": {"lines":{"total":1,"covered":1,"skipped":0,"pct":100},"functions":{"total":0,"covered":0,"skipped":0,"pct":100},"statements":{"total":1,"covered":1,"skipped":0,"pct":100},"branches":{"total":0,"covered":0,"skipped":0,"pct":100}}
[...]
,"/Users/daniel/Developer/Rottay/ui-design-system/packages/core/src/theme/i18n/hooks/useTranslation/index.ts": {"lines":{"total":15,"covered":15,"skipped":0,"pct":100},"functions":{"total":1,"covered":1,"skipped":0,"pct":100},"statements":{"total":15,"covered":15,"skipped":0,"pct":100},"branches":{"total":4,"covered":4,"skipped":0,"pct":100}}
,"/Users/daniel/Developer/Rottay/ui-design-system/packages/core/src/theme/i18n/locales/index.ts": {"lines":{"total":1,"covered":1,"skipped":0,"pct":100},"functions":{"total":0,"covered":0,"skipped":0,"pct":100},"statements":{"total":1,"covered":1,"skipped":0,"pct":100},"branches":{"total":0,"covered":0,"skipped":0,"pct":100}}
,"/Users/daniel/Developer/Rottay/ui-design-system/packages/core/src/theme/i18n/locales/ar/index.ts": {"lines":{"total":8,"covered":8,"skipped":0,"pct":100},"functions":{"total":0,"covered":0,"skipped":0,"pct":100},"statements":{"total":8,"covered":8,"skipped":0,"pct":100},"branches":{"total":0,"covered":0,"skipped":0,"pct":100}}
,"/Users/daniel/Developer/Rottay/ui-design-system/packages/core/src/theme/i18n/locales/en/index.ts": {"lines":{"total":8,"covered":8,"skipped":0,"pct":100},"functions":{"total":0,"covered":0,"skipped":0,"pct":100},"statements":{"total":8,"covered":8,"skipped":0,"pct":100},"branches":{"total":0,"covered":0,"skipped":0,"pct":100}}
,"/Users/daniel/Developer/Rottay/ui-design-system/packages/core/src/theme/i18n/locales/es/index.ts": {"lines":{"total":8,"covered":8,"skipped":0,"pct":100},"functions":{"total":0,"covered":0,"skipped":0,"pct":100},"statements":{"total":8,"covered":8,"skipped":0,"pct":100},"branches":{"total":0,"covered":0,"skipped":0,"pct":100}}
,"/Users/daniel/Developer/Rottay/ui-design-system/packages/core/src/theme/i18n/locales/fr/index.ts": {"lines":{"total":8,"covered":8,"skipped":0,"pct":100},"functions":{"total":0,"covered":0,"skipped":0,"pct":100},"statements":{"total":8,"covered":8,"skipped":0,"pct":100},"branches":{"total":0,"covered":0,"skipped":0,"pct":100}}
,"/Users/daniel/Developer/Rottay/ui-design-system/packages/core/src/theme/i18n/locales/pt/index.ts": {"lines":{"total":8,"covered":8,"skipped":0,"pct":100},"functions":{"total":0,"covered":0,"skipped":0,"pct":100},"statements":{"total":8,"covered":8,"skipped":0,"pct":100},"branches":{"total":0,"covered":0,"skipped":0,"pct":100}}
,"/Users/daniel/Developer/Rottay/ui-design-system/packages/core/src/theme/i18n/types/index.ts": {"lines":{"total":37,"covered":37,"skipped":0,"pct":100},"functions":{"total":0,"covered":0,"skipped":0,"pct":100},"statements":{"total":37,"covered":37,"skipped":0,"pct":100},"branches":{"total":0,"covered":0,"skipped":0,"pct":100}}
,"/Users/daniel/Developer/Rottay/ui-design-system/packages/core/src/theme/i18n/utils/index.ts": {"lines":{"total":2,"covered":2,"skipped":0,"pct":100},"functions":{"total":0,"covered":0,"skipped":0,"pct":100},"statements":{"total":2,"covered":2,"skipped":0,"pct":100},"branches":{"total":0,"covered":0,"skipped":0,"pct":100}}
,"/Users/daniel/Developer/Rottay/ui-design-system/packages/core/src/theme/i18n/utils/formatters/index.ts": {"lines":{"total":169,"covered":167,"skipped":0,"pct":98.81},"functions":{"total":8,"covered":8,"skipped":0,"pct":100},"statements":{"total":169,"covered":167,"skipped":0,"pct":98.81},"branches":{"total":48,"covered":42,"skipped":0,"pct":87.5}}
,"/Users/daniel/Developer/Rottay/ui-design-system/packages/core/src/theme/product-profiles/index.ts": {"lines":{"total":245,"covered":245,"skipped":0,"pct":100},"functions":{"total":1,"covered":1,"skipped":0,"pct":100},"statements":{"total":245,"covered":245,"skipped":0,"pct":100},"branches":{"total":5,"covered":4,"skipped":0,"pct":80}}
,"/Users/daniel/Developer/Rottay/ui-design-system/packages/core/src/theme/tenants/index.ts": {"lines":{"total":1,"covered":1,"skipped":0,"pct":100},"functions":{"total":0,"covered":0,"skipped":0,"pct":100},"statements":{"total":1,"covered":1,"skipped":0,"pct":100},"branches":{"total":0,"covered":0,"skipped":0,"pct":100}}
,"/Users/daniel/Developer/Rottay/ui-design-system/packages/core/src/theme/tenants/defaults/index.ts": {"lines":{"total":23,"covered":23,"skipped":0,"pct":100},"functions":{"total":1,"covered":1,"skipped":0,"pct":100},"statements":{"total":23,"covered":23,"skipped":0,"pct":100},"branches":{"total":1,"covered":1,"skipped":0,"pct":100}}
,"/Users/daniel/Developer/Rottay/ui-design-system/packages/core/src/theme/tenants/registry/index.ts": {"lines":{"total":199,"covered":195,"skipped":0,"pct":97.98},"functions":{"total":4,"covered":2,"skipped":0,"pct":50},"statements":{"total":199,"covered":195,"skipped":0,"pct":97.98},"branches":{"total":2,"covered":2,"skipped":0,"pct":100}}
,"/Users/daniel/Developer/Rottay/ui-design-system/packages/core/src/theme/tenants/resolver/index.ts": {"lines":{"total":18,"covered":1,"skipped":0,"pct":5.55},"functions":{"total":1,"covered":0,"skipped":0,"pct":0},"statements":{"total":18,"covered":1,"skipped":0,"pct":5.55},"branches":{"total":0,"covered":0,"skipped":0,"pct":100}}
,"/Users/daniel/Developer/Rottay/ui-design-system/packages/core/src/theme/tenants/resolver/domain/index.ts": {"lines":{"total":23,"covered":14,"skipped":0,"pct":60.86},"functions":{"total":2,"covered":1,"skipped":0,"pct":50},"statements":{"total":23,"covered":14,"skipped":0,"pct":60.86},"branches":{"total":4,"covered":1,"skipped":0,"pct":25}}
,"/Users/daniel/Developer/Rottay/ui-design-system/packages/core/src/theme/tenants/resolver/header/index.ts": {"lines":{"total":15,"covered":15,"skipped":0,"pct":100},"functions":{"total":3,"covered":3,"skipped":0,"pct":100},"statements":{"total":15,"covered":15,"skipped":0,"pct":100},"branches":{"total":8,"covered":6,"skipped":0,"pct":75}}
,"/Users/daniel/Developer/Rottay/ui-design-system/packages/core/src/theme/tenants/resolver/subdomain/index.ts": {"lines":{"total":11,"covered":11,"skipped":0,"pct":100},"functions":{"total":1,"covered":1,"skipped":0,"pct":100},"statements":{"total":11,"covered":11,"skipped":0,"pct":100},"branches":{"total":7,"covered":6,"skipped":0,"pct":85.71}}
,"/Users/daniel/Developer/Rottay/ui-design-system/packages/core/src/theme/tenants/schema/index.ts": {"lines":{"total":51,"covered":51,"skipped":0,"pct":100},"functions":{"total":6,"covered":6,"skipped":0,"pct":100},"statements":{"total":51,"covered":51,"skipped":0,"pct":100},"branches":{"total":36,"covered":25,"skipped":0,"pct":69.44}}
,"/Users/daniel/Developer/Rottay/ui-design-system/packages/core/src/theme/tenants/storage/index.ts": {"lines":{"total":74,"covered":68,"skipped":0,"pct":91.89},"functions":{"total":5,"covered":5,"skipped":0,"pct":100},"statements":{"total":74,"covered":68,"skipped":0,"pct":91.89},"branches":{"total":24,"covered":19,"skipped":0,"pct":79.16}}
,"/Users/daniel/Developer/Rottay/ui-design-system/packages/core/src/theme/tenants/storage/remote/index.ts": {"lines":{"total":19,"covered":19,"skipped":0,"pct":100},"functions":{"total":2,"covered":2,"skipped":0,"pct":100},"statements":{"total":19,"covered":19,"skipped":0,"pct":100},"branches":{"total":7,"covered":7,"skipped":0,"pct":100}}
,"/Users/daniel/Developer/Rottay/ui-design-system/packages/core/src/theme/tenants/storage/static/index.ts": {"lines":{"total":1,"covered":1,"skipped":0,"pct":100},"functions":{"total":0,"covered":0,"skipped":0,"pct":100},"statements":{"total":1,"covered":1,"skipped":0,"pct":100},"branches":{"total":0,"covered":0,"skipped":0,"pct":100}}
,"/Users/daniel/Developer/Rottay/ui-design-system/packages/core/src/theme/tenants/storage/static/generator/index.ts": {"lines":{"total":484,"covered":468,"skipped":0,"pct":96.69},"functions":{"total":27,"covered":27,"skipped":0,"pct":100},"statements":{"total":484,"covered":468,"skipped":0,"pct":96.69},"branches":{"total":239,"covered":208,"skipped":0,"pct":87.02}}
,"/Users/daniel/Developer/Rottay/ui-design-system/packages/core/src/theme/tenants/storage/static/loader/index.ts": {"lines":{"total":14,"covered":14,"skipped":0,"pct":100},"functions":{"total":1,"covered":1,"skipped":0,"pct":100},"statements":{"total":14,"covered":14,"skipped":0,"pct":100},"branches":{"total":4,"covered":4,"skipped":0,"pct":100}}
,"/Users/daniel/Developer/Rottay/ui-design-system/packages/core/src/theme/tokens/index.ts": {"lines":{"total":1,"covered":1,"skipped":0,"pct":100},"functions":{"total":0,"covered":0,"skipped":0,"pct":100},"statements":{"total":1,"covered":1,"skipped":0,"pct":100},"branches":{"total":0,"covered":0,"skipped":0,"pct":100}}
,"/Users/daniel/Developer/Rottay/ui-design-system/packages/core/src/theme/tokens/ts/index.ts": {"lines":{"total":7,"covered":7,"skipped":0,"pct":100},"functions":{"total":0,"covered":0,"skipped":0,"pct":100},"statements":{"total":7,"covered":7,"skipped":0,"pct":100},"branches":{"total":0,"covered":0,"skipped":0,"pct":100}}
,"/Users/daniel/Developer/Rottay/ui-design-system/packages/core/src/theme/tokens/ts/base/borders.ts": {"lines":{"total":95,"covered":95,"skipped":0,"pct":100},"functions":{"total":0,"covered":0,"skipped":0,"pct":100},"statements":{"total":95,"covered":95,"skipped":0,"pct":100},"branches":{"total":0,"covered":0,"skipped":0,"pct":100}}
,"/Users/daniel/Developer/Rottay/ui-design-system/packages/core/src/theme/tokens/ts/base/colors.ts": {"lines":{"total":122,"covered":122,"skipped":0,"pct":100},"functions":{"total":0,"covered":0,"skipped":0,"pct":100},"statements":{"total":122,"covered":122,"skipped":0,"pct":100},"branches":{"total":0,"covered":0,"skipped":0,"pct":100}}
,"/Users/daniel/Developer/Rottay/ui-design-system/packages/core/src/theme/tokens/ts/base/index.ts": {"lines":{"total":10,"covered":10,"skipped":0,"pct":100},"functions":{"total":0,"covered":0,"skipped":0,"pct":100},"statements":{"total":10,"covered":10,"skipped":0,"pct":100},"branches":{"total":0,"covered":0,"skipped":0,"pct":100}}
,"/Users/daniel/Developer/Rottay/ui-design-system/packages/core/src/theme/tokens/ts/base/shadows.ts": {"lines":{"total":90,"covered":90,"skipped":0,"pct":100},"functions":{"total":0,"covered":0,"skipped":0,"pct":100},"statements":{"total":90,"covered":90,"skipped":0,"pct":100},"branches":{"total":0,"covered":0,"skipped":0,"pct":100}}
,"/Users/daniel/Developer/Rottay/ui-design-system/packages/core/src/theme/tokens/ts/base/spacing.ts": {"lines":{"total":87,"covered":87,"skipped":0,"pct":100},"functions":{"total":0,"covered":0,"skipped":0,"pct":100},"statements":{"total":87,"covered":87,"skipped":0,"pct":100},"branches":{"total":0,"covered":0,"skipped":0,"pct":100}}
,"/Users/daniel/Developer/Rottay/ui-design-system/packages/core/src/theme/tokens/ts/base/typography.ts": {"lines":{"total":167,"covered":167,"skipped":0,"pct":100},"functions":{"total":0,"covered":0,"skipped":0,"pct":100},"statements":{"total":167,"covered":167,"skipped":0,"pct":100},"branches":{"total":0,"covered":0,"skipped":0,"pct":100}}
,"/Users/daniel/Developer/Rottay/ui-design-system/packages/core/src/theme/tokens/ts/base/zIndex.ts": {"lines":{"total":59,"covered":59,"skipped":0,"pct":100},"functions":{"total":0,"covered":0,"skipped":0,"pct":100},"statements":{"total":59,"covered":59,"skipped":0,"pct":100},"branches":{"total":0,"covered":0,"skipped":0,"pct":100}}
,"/Users/daniel/Developer/Rottay/ui-design-system/packages/core/src/theme/tokens/ts/components/avatar.ts": {"lines":{"total":153,"covered":153,"skipped":0,"pct":100},"functions":{"total":0,"covered":0,"skipped":0,"pct":100},"statements":{"total":153,"covered":153,"skipped":0,"pct":100},"branches":{"total":0,"covered":0,"skipped":0,"pct":100}}
,"/Users/daniel/Developer/Rottay/ui-design-system/packages/core/src/theme/tokens/ts/components/badge.ts": {"lines":{"total":109,"covered":109,"skipped":0,"pct":100},"functions":{"total":0,"covered":0,"skipped":0,"pct":100},"statements":{"total":109,"covered":109,"skipped":0,"pct":100},"branches":{"total":0,"covered":0,"skipped":0,"pct":100}}
,"/Users/daniel/Developer/Rottay/ui-design-system/packages/core/src/theme/tokens/ts/components/button.ts": {"lines":{"total":219,"covered":219,"skipped":0,"pct":100},"functions":{"total":0,"covered":0,"skipped":0,"pct":100},"statements":{"total":219,"covered":219,"skipped":0,"pct":100},"branches":{"total":0,"covered":0,"skipped":0,"pct":100}}
,"/Users/daniel/Developer/Rottay/ui-design-system/packages/core/src/theme/tokens/ts/components/card.ts": {"lines":{"total":189,"covered":189,"skipped":0,"pct":100},"functions":{"total":0,"covered":0,"skipped":0,"pct":100},"statements":{"total":189,"covered":189,"skipped":0,"pct":100},"branches":{"total":0,"covered":0,"skipped":0,"pct":100}}
,"/Users/daniel/Developer/Rottay/ui-design-system/packages/core/src/theme/tokens/ts/components/checkbox.ts": {"lines":{"total":90,"covered":90,"skipped":0,"pct":100},"functions":{"total":0,"covered":0,"skipped":0,"pct":100},"statements":{"total":90,"covered":90,"skipped":0,"pct":100},"branches":{"total":0,"covered":0,"skipped":0,"pct":100}}
,"/Users/daniel/Developer/Rottay/ui-design-system/packages/core/src/theme/tokens/ts/components/collapse.ts": {"lines":{"total":224,"covered":224,"skipped":0,"pct":100},"functions":{"total":0,"covered":0,"skipped":0,"pct":100},"statements":{"total":224,"covered":224,"skipped":0,"pct":100},"branches":{"total":0,"covered":0,"skipped":0,"pct":100}}
,"/Users/daniel/Developer/Rottay/ui-design-system/packages/core/src/theme/tokens/ts/components/icon.ts": {"lines":{"total":25,"covered":25,"skipped":0,"pct":100},"functions":{"total":0,"covered":0,"skipped":0,"pct":100},"statements":{"total":25,"covered":25,"skipped":0,"pct":100},"branches":{"total":0,"covered":0,"skipped":0,"pct":100}}
,"/Users/daniel/Developer/Rottay/ui-design-system/packages/core/src/theme/tokens/ts/components/index.ts": {"lines":{"total":23,"covered":23,"skipped":0,"pct":100},"functions":{"total":0,"covered":0,"skipped":0,"pct":100},"statements":{"total":23,"covered":23,"skipped":0,"pct":100},"branches":{"total":0,"covered":0,"skipped":0,"pct":100}}
,"/Users/daniel/Developer/Rottay/ui-design-system/packages/core/src/theme/tokens/ts/components/input.ts": {"lines":{"total":174,"covered":174,"skipped":0,"pct":100},"functions":{"total":0,"covered":0,"skipped":0,"pct":100},"statements":{"total":174,"covered":174,"skipped":0,"pct":100},"branches":{"total":0,"covered":0,"skipped":0,"pct":100}}
,"/Users/daniel/Developer/Rottay/ui-design-system/packages/core/src/theme/tokens/ts/components/list.ts": {"lines":{"total":95,"covered":95,"skipped":0,"pct":100},"functions":{"total":0,"covered":0,"skipped":0,"pct":100},"statements":{"total":95,"covered":95,"skipped":0,"pct":100},"branches":{"total":0,"covered":0,"skipped":0,"pct":100}}
,"/Users/daniel/Developer/Rottay/ui-design-system/packages/core/src/theme/tokens/ts/components/modal.ts": {"lines":{"total":226,"covered":226,"skipped":0,"pct":100},"functions":{"total":0,"covered":0,"skipped":0,"pct":100},"statements":{"total":226,"covered":226,"skipped":0,"pct":100},"branches":{"total":0,"covered":0,"skipped":0,"pct":100}}
,"/Users/daniel/Developer/Rottay/ui-design-system/packages/core/src/theme/tokens/ts/components/qrcode.ts": {"lines":{"total":81,"covered":81,"skipped":0,"pct":100},"functions":{"total":0,"covered":0,"skipped":0,"pct":100},"statements":{"total":81,"covered":81,"skipped":0,"pct":100},"branches":{"total":0,"covered":0,"skipped":0,"pct":100}}
,"/Users/daniel/Developer/Rottay/ui-design-system/packages/core/src/theme/tokens/ts/components/radio.ts": {"lines":{"total":86,"covered":86,"skipped":0,"pct":100},"functions":{"total":0,"covered":0,"skipped":0,"pct":100},"statements":{"total":86,"covered":86,"skipped":0,"pct":100},"branches":{"total":0,"covered":0,"skipped":0,"pct":100}}
,"/Users/daniel/Developer/Rottay/ui-design-system/packages/core/src/theme/tokens/ts/components/rate.ts": {"lines":{"total":31,"covered":31,"skipped":0,"pct":100},"functions":{"total":0,"covered":0,"skipped":0,"pct":100},"statements":{"total":31,"covered":31,"skipped":0,"pct":100},"branches":{"total":0,"covered":0,"skipped":0,"pct":100}}
,"/Users/daniel/Developer/Rottay/ui-design-system/packages/core/src/theme/tokens/ts/components/select.ts": {"lines":{"total":189,"covered":189,"skipped":0,"pct":100},"functions":{"total":0,"covered":0,"skipped":0,"pct":100},"statements":{"total":189,"covered":189,"skipped":0,"pct":100},"branches":{"total":0,"covered":0,"skipped":0,"pct":100}}
,"/Users/daniel/Developer/Rottay/ui-design-system/packages/core/src/theme/tokens/ts/components/space.ts": {"lines":{"total":9,"covered":9,"skipped":0,"pct":100},"functions":{"total":0,"covered":0,"skipped":0,"pct":100},"statements":{"total":9,"covered":9,"skipped":0,"pct":100},"branches":{"total":0,"covered":0,"skipped":0,"pct":100}}
,"/Users/daniel/Developer/Rottay/ui-design-system/packages/core/src/theme/tokens/ts/components/spinner.ts": {"lines":{"total":21,"covered":21,"skipped":0,"pct":100},"functions":{"total":0,"covered":0,"skipped":0,"pct":100},"statements":{"total":21,"covered":21,"skipped":0,"pct":100},"branches":{"total":0,"covered":0,"skipped":0,"pct":100}}
,"/Users/daniel/Developer/Rottay/ui-design-system/packages/core/src/theme/tokens/ts/components/tag.ts": {"lines":{"total":58,"covered":58,"skipped":0,"pct":100},"functions":{"total":0,"covered":0,"skipped":0,"pct":100},"statements":{"total":58,"covered":58,"skipped":0,"pct":100},"branches":{"total":0,"covered":0,"skipped":0,"pct":100}}
,"/Users/daniel/Developer/Rottay/ui-design-system/packages/core/src/theme/tokens/ts/components/timeline.ts": {"lines":{"total":43,"covered":43,"skipped":0,"pct":100},"functions":{"total":0,"covered":0,"skipped":0,"pct":100},"statements":{"total":43,"covered":43,"skipped":0,"pct":100},"branches":{"total":0,"covered":0,"skipped":0,"pct":100}}
,"/Users/daniel/Developer/Rottay/ui-design-system/packages/core/src/theme/tokens/ts/components/toggle.ts": {"lines":{"total":142,"covered":142,"skipped":0,"pct":100},"functions":{"total":0,"covered":0,"skipped":0,"pct":100},"statements":{"total":142,"covered":142,"skipped":0,"pct":100},"branches":{"total":0,"covered":0,"skipped":0,"pct":100}}
,"/Users/daniel/Developer/Rottay/ui-design-system/packages/core/src/theme/tokens/ts/tenants/index.ts": {"lines":{"total":5,"covered":5,"skipped":0,"pct":100},"functions":{"total":0,"covered":0,"skipped":0,"pct":100},"statements":{"total":5,"covered":5,"skipped":0,"pct":100},"branches":{"total":0,"covered":0,"skipped":0,"pct":100}}
,"/Users/daniel/Developer/Rottay/ui-design-system/packages/core/src/theme/tokens/ts/tenants/rottay.ts": {"lines":{"total":88,"covered":88,"skipped":0,"pct":100},"functions":{"total":0,"covered":0,"skipped":0,"pct":100},"statements":{"total":88,"covered":88,"skipped":0,"pct":100},"branches":{"total":0,"covered":0,"skipped":0,"pct":100}}
,"/Users/daniel/Developer/Rottay/ui-design-system/packages/core/src/types/index.ts": {"lines":{"total":2,"covered":0,"skipped":0,"pct":0},"functions":{"total":1,"covered":0,"skipped":0,"pct":0},"statements":{"total":2,"covered":0,"skipped":0,"pct":0},"branches":{"total":1,"covered":0,"skipped":0,"pct":0}}
,"/Users/daniel/Developer/Rottay/ui-design-system/packages/core/src/types/common/index.ts": {"lines":{"total":2,"covered":0,"skipped":0,"pct":0},"functions":{"total":1,"covered":0,"skipped":0,"pct":0},"statements":{"total":2,"covered":0,"skipped":0,"pct":0},"branches":{"total":1,"covered":0,"skipped":0,"pct":0}}
,"/Users/daniel/Developer/Rottay/ui-design-system/packages/core/src/types/engine/index.ts": {"lines":{"total":2,"covered":0,"skipped":0,"pct":0},"functions":{"total":1,"covered":0,"skipped":0,"pct":0},"statements":{"total":2,"covered":0,"skipped":0,"pct":0},"branches":{"total":1,"covered":0,"skipped":0,"pct":0}}
,"/Users/daniel/Developer/Rottay/ui-design-system/packages/core/src/types/primitives/feedback/Modal/index.ts": {"lines":{"total":2,"covered":0,"skipped":0,"pct":0},"functions":{"total":1,"covered":0,"skipped":0,"pct":0},"statements":{"total":2,"covered":0,"skipped":0,"pct":0},"branches":{"total":1,"covered":0,"skipped":0,"pct":0}}
}
