{"total": {"lines":{"total":1924,"covered":1867,"skipped":0,"pct":97.03},"statements":{"total":1924,"covered":1867,"skipped":0,"pct":97.03},"functions":{"total":16,"covered":16,"skipped":0,"pct":100},"branches":{"total":468,"covered":350,"skipped":0,"pct":74.78},"branchesTrue":{"total":0,"covered":0,"skipped":0,"pct":100}}
,"/Users/daniel/Developer/Rottay/ui-design-system/packages/core/src/components/patterns/charts/chart-scaffold.tsx": {"lines":{"total":176,"covered":158,"skipped":0,"pct":89.77},"functions":{"total":4,"covered":4,"skipped":0,"pct":100},"statements":{"total":176,"covered":158,"skipped":0,"pct":89.77},"branches":{"total":50,"covered":31,"skipped":0,"pct":62}}
,"/Users/daniel/Developer/Rottay/ui-design-system/packages/core/src/components/patterns/charts/area-chart/index.tsx": {"lines":{"total":232,"covered":220,"skipped":0,"pct":94.82},"functions":{"total":1,"covered":1,"skipped":0,"pct":100},"statements":{"total":232,"covered":220,"skipped":0,"pct":94.82},"branches":{"total":67,"covered":48,"skipped":0,"pct":71.64}}
,"/Users/daniel/Developer/Rottay/ui-design-system/packages/core/src/components/patterns/charts/bar-chart/index.tsx": {"lines":{"total":228,"covered":219,"skipped":0,"pct":96.05},"functions":{"total":1,"covered":1,"skipped":0,"pct":100},"statements":{"total":228,"covered":219,"skipped":0,"pct":96.05},"branches":{"total":51,"covered":38,"skipped":0,"pct":74.5}}
,"/Users/daniel/Developer/Rottay/ui-design-system/packages/core/src/components/patterns/charts/funnel-chart/index.tsx": {"lines":{"total":185,"covered":176,"skipped":0,"pct":95.13},"functions":{"total":1,"covered":1,"skipped":0,"pct":100},"statements":{"total":185,"covered":176,"skipped":0,"pct":95.13},"branches":{"total":35,"covered":25,"skipped":0,"pct":71.42}}
,"/Users/daniel/Developer/Rottay/ui-design-system/packages/core/src/components/patterns/charts/gantt-chart/index.tsx": {"lines":{"total":176,"covered":176,"skipped":0,"pct":100},"functions":{"total":1,"covered":1,"skipped":0,"pct":100},"statements":{"total":176,"covered":176,"skipped":0,"pct":100},"branches":{"total":40,"covered":27,"skipped":0,"pct":67.5}}
,"/Users/daniel/Developer/Rottay/ui-design-system/packages/core/src/components/patterns/charts/heatmap/index.tsx": {"lines":{"total":115,"covered":115,"skipped":0,"pct":100},"functions":{"total":1,"covered":1,"skipped":0,"pct":100},"statements":{"total":115,"covered":115,"skipped":0,"pct":100},"branches":{"total":18,"covered":11,"skipped":0,"pct":61.11}}
,"/Users/daniel/Developer/Rottay/ui-design-system/packages/core/src/components/patterns/charts/line-chart/index.tsx": {"lines":{"total":227,"covered":226,"skipped":0,"pct":99.55},"functions":{"total":2,"covered":2,"skipped":0,"pct":100},"statements":{"total":227,"covered":226,"skipped":0,"pct":99.55},"branches":{"total":65,"covered":60,"skipped":0,"pct":92.3}}
,"/Users/daniel/Developer/Rottay/ui-design-system/packages/core/src/components/patterns/charts/network-graph/index.tsx": {"lines":{"total":173,"covered":165,"skipped":0,"pct":95.37},"functions":{"total":2,"covered":2,"skipped":0,"pct":100},"statements":{"total":173,"covered":165,"skipped":0,"pct":95.37},"branches":{"total":48,"covered":38,"skipped":0,"pct":79.16}}
,"/Users/daniel/Developer/Rottay/ui-design-system/packages/core/src/components/patterns/charts/pie-chart/index.tsx": {"lines":{"total":125,"covered":125,"skipped":0,"pct":100},"functions":{"total":1,"covered":1,"skipped":0,"pct":100},"statements":{"total":125,"covered":125,"skipped":0,"pct":100},"branches":{"total":32,"covered":26,"skipped":0,"pct":81.25}}
,"/Users/daniel/Developer/Rottay/ui-design-system/packages/core/src/components/patterns/charts/radar-chart/index.tsx": {"lines":{"total":154,"covered":154,"skipped":0,"pct":100},"functions":{"total":1,"covered":1,"skipped":0,"pct":100},"statements":{"total":154,"covered":154,"skipped":0,"pct":100},"branches":{"total":35,"covered":27,"skipped":0,"pct":77.14}}
,"/Users/daniel/Developer/Rottay/ui-design-system/packages/core/src/components/patterns/charts/treemap/index.tsx": {"lines":{"total":133,"covered":133,"skipped":0,"pct":100},"functions":{"total":1,"covered":1,"skipped":0,"pct":100},"statements":{"total":133,"covered":133,"skipped":0,"pct":100},"branches":{"total":27,"covered":19,"skipped":0,"pct":70.37}}
}
