{"numTotalTestSuites":9,"numPassedTestSuites":7,"numFailedTestSuites":2,"numPendingTestSuites":0,"numTotalTests":40,"numPassedTests":38,"numFailedTests":2,"numPendingTests":0,"numTodoTests":0,"snapshot":{"added":0,"failure":false,"filesAdded":0,"filesRemoved":0,"filesRemovedList":[],"filesUnmatched":0,"filesUpdated":0,"matched":0,"total":0,"unchecked":0,"uncheckedKeysByFile":[],"unmatched":0,"updated":0,"didUpdate":false},"startTime":1774126854077,"success":false,"testResults":[{"assertionResults":[{"ancestorTitles":["public api contract"],"fullName":"public api contract keeps the root entry focused on the canonical DS api","status":"failed","title":"keeps the root entry focused on the canonical DS api","duration":46.18399999999997,"failureMessages":["AssertionError: expected undefined to be type of 'function'\n    at /Users/daniel/Developer/Rottay/ui-design-system/packages/core/src/_internal/testing/public-api.contract.test.ts:22:44\n    at processTicksAndRejections (node:internal/process/task_queues:103:5)\n    at file:///Users/daniel/Developer/Rottay/ui-design-system/node_modules/.pnpm/@vitest+runner@3.2.4/node_modules/@vitest/runner/dist/chunk-hooks.js:752:20","AssertionError: expected undefined to be type of 'function'\n    at /Users/daniel/Developer/Rottay/ui-design-system/packages/core/src/_internal/testing/public-api.contract.test.ts:22:44\n    at processTicksAndRejections (node:internal/process/task_queues:103:5)\n    at file:///Users/daniel/Developer/Rottay/ui-design-system/node_modules/.pnpm/@vitest+runner@3.2.4/node_modules/@vitest/runner/dist/chunk-hooks.js:752:20"],"meta":{}},{"ancestorTitles":["public api contract"],"fullName":"public api contract exposes only the supported package subpaths","status":"failed","title":"exposes only the supported package subpaths","duration":0.6253750000000764,"failureMessages":["Error: ENOENT: no such file or directory, open '/Users/daniel/Developer/Rottay/ui-design-system/packages/core/src/package.json'\n    at readFileSync (node:fs:435:20)\n    at /Users/daniel/Developer/Rottay/ui-design-system/packages/core/src/_internal/testing/public-api.contract.test.ts:37:36\n    at file:///Users/daniel/Developer/Rottay/ui-design-system/node_modules/.pnpm/@vitest+runner@3.2.4/node_modules/@vitest/runner/dist/chunk-hooks.js:155:11\n    at file:///Users/daniel/Developer/Rottay/ui-design-system/node_modules/.pnpm/@vitest+runner@3.2.4/node_modules/@vitest/runner/dist/chunk-hooks.js:752:26\n    at file:///Users/daniel/Developer/Rottay/ui-design-system/node_modules/.pnpm/@vitest+runner@3.2.4/node_modules/@vitest/runner/dist/chunk-hooks.js:1897:20\n    at new Promise (<anonymous>)\n    at runWithTimeout (file:///Users/daniel/Developer/Rottay/ui-design-system/node_modules/.pnpm/@vitest+runner@3.2.4/node_modules/@vitest/runner/dist/chunk-hooks.js:1863:10)\n    at runTest (file:///Users/daniel/Developer/Rottay/ui-design-system/node_modules/.pnpm/@vitest+runner@3.2.4/node_modules/@vitest/runner/dist/chunk-hooks.js:1574:12)\n    at processTicksAndRejections (node:internal/process/task_queues:103:5)\n    at runSuite (file:///Users/daniel/Developer/Rottay/ui-design-system/node_modules/.pnpm/@vitest+runner@3.2.4/node_modules/@vitest/runner/dist/chunk-hooks.js:1729:8)","Error: ENOENT: no such file or directory, open '/Users/daniel/Developer/Rottay/ui-design-system/packages/core/src/package.json'\n    at readFileSync (node:fs:435:20)\n    at /Users/daniel/Developer/Rottay/ui-design-system/packages/core/src/_internal/testing/public-api.contract.test.ts:37:36\n    at file:///Users/daniel/Developer/Rottay/ui-design-system/node_modules/.pnpm/@vitest+runner@3.2.4/node_modules/@vitest/runner/dist/chunk-hooks.js:155:11\n    at file:///Users/daniel/Developer/Rottay/ui-design-system/node_modules/.pnpm/@vitest+runner@3.2.4/node_modules/@vitest/runner/dist/chunk-hooks.js:752:26\n    at file:///Users/daniel/Developer/Rottay/ui-design-system/node_modules/.pnpm/@vitest+runner@3.2.4/node_modules/@vitest/runner/dist/chunk-hooks.js:1897:20\n    at new Promise (<anonymous>)\n    at runWithTimeout (file:///Users/daniel/Developer/Rottay/ui-design-system/node_modules/.pnpm/@vitest+runner@3.2.4/node_modules/@vitest/runner/dist/chunk-hooks.js:1863:10)\n    at runTest (file:///Users/daniel/Developer/Rottay/ui-design-system/node_modules/.pnpm/@vitest+runner@3.2.4/node_modules/@vitest/runner/dist/chunk-hooks.js:1574:12)\n    at processTicksAndRejections (node:internal/process/task_queues:103:5)\n    at runSuite (file:///Users/daniel/Developer/Rottay/ui-design-system/node_modules/.pnpm/@vitest+runner@3.2.4/node_modules/@vitest/runner/dist/chunk-hooks.js:1729:8)"],"meta":{}}],"startTime":1774126854673,"endTime":1774126854719.6255,"status":"failed","message":"","name":"/Users/daniel/Developer/Rottay/ui-design-system/packages/core/src/_internal/testing/public-api.contract.test.ts"},{"assertionResults":[{"ancestorTitles":["source governance"],"fullName":"source governance keeps legacy custom components outside the core package","status":"passed","title":"keeps legacy custom components outside the core package","duration":0.6624170000000049,"failureMessages":[],"meta":{}},{"ancestorTitles":["source governance"],"fullName":"source governance does not reintroduce deprecated engine names in runtime source","status":"passed","title":"does not reintroduce deprecated engine names in runtime source","duration":58.49054100000001,"failureMessages":[],"meta":{}},{"ancestorTitles":["source governance"],"fullName":"source governance does not import legacy guides or removed custom folders into the core runtime","status":"passed","title":"does not import legacy guides or removed custom folders into the core runtime","duration":52.931291999999985,"failureMessages":[],"meta":{}},{"ancestorTitles":["source governance"],"fullName":"source governance keeps the public token mirror out of runtime implementation code","status":"passed","title":"keeps the public token mirror out of runtime implementation code","duration":41.26708299999996,"failureMessages":[],"meta":{}},{"ancestorTitles":["source governance"],"fullName":"source governance keeps component token families on DS-prefixed custom properties","status":"passed","title":"keeps component token families on DS-prefixed custom properties","duration":41.779042000000004,"failureMessages":[],"meta":{}},{"ancestorTitles":["source governance"],"fullName":"source governance does not ship tenant overrides with !important specificity wars","status":"passed","title":"does not ship tenant overrides with !important specificity wars","duration":0.44937500000003183,"failureMessages":[],"meta":{}},{"ancestorTitles":["source governance"],"fullName":"source governance does not keep unused visx packages in the published package manifest","status":"passed","title":"does not keep unused visx packages in the published package manifest","duration":0.1973329999999578,"failureMessages":[],"meta":{}},{"ancestorTitles":["source governance"],"fullName":"source governance guards tenant css overrides so dark mode can win the cascade","status":"passed","title":"guards tenant css overrides so dark mode can win the cascade","duration":0.44108299999993505,"failureMessages":[],"meta":{}},{"ancestorTitles":["stale paths"],"fullName":"stale paths should not have any src/theme/ directory","status":"passed","title":"should not have any src/theme/ directory","duration":0.07275000000004184,"failureMessages":[],"meta":{}},{"ancestorTitles":["stale paths"],"fullName":"stale paths should not have any src/styles/ directory","status":"passed","title":"should not have any src/styles/ directory","duration":0.07462499999996908,"failureMessages":[],"meta":{}},{"ancestorTitles":["stale paths"],"fullName":"stale paths should not have legacy-guides/ directory","status":"passed","title":"should not have legacy-guides/ directory","duration":0.07008299999995415,"failureMessages":[],"meta":{}},{"ancestorTitles":["stale paths"],"fullName":"stale paths should not have src/testing/ at top-level (moved to _internal/testing)","status":"passed","title":"should not have src/testing/ at top-level (moved to _internal/testing)","duration":0.04470800000001418,"failureMessages":[],"meta":{}},{"ancestorTitles":["stale paths"],"fullName":"stale paths should not have src/errors/ at top-level (moved to _internal/errors)","status":"passed","title":"should not have src/errors/ at top-level (moved to _internal/errors)","duration":0.042208999999957086,"failureMessages":[],"meta":{}},{"ancestorTitles":["stale paths"],"fullName":"stale paths should not have src/utils/ at top-level (moved to _internal/utils)","status":"passed","title":"should not have src/utils/ at top-level (moved to _internal/utils)","duration":0.03729099999998198,"failureMessages":[],"meta":{}},{"ancestorTitles":["stale paths"],"fullName":"stale paths should not have src/bootstrap/ at top-level (moved to runtime/bootstrap)","status":"passed","title":"should not have src/bootstrap/ at top-level (moved to runtime/bootstrap)","duration":0.036958000000026914,"failureMessages":[],"meta":{}},{"ancestorTitles":["stale paths"],"fullName":"stale paths should not have src/engines/ at top-level (moved to runtime/engines)","status":"passed","title":"should not have src/engines/ at top-level (moved to runtime/engines)","duration":0.04037500000004002,"failureMessages":[],"meta":{}},{"ancestorTitles":["stale paths"],"fullName":"stale paths should not have src/theming/ at top-level (moved to runtime/theming)","status":"passed","title":"should not have src/theming/ at top-level (moved to runtime/theming)","duration":0.039166000000022905,"failureMessages":[],"meta":{}},{"ancestorTitles":["stale paths"],"fullName":"stale paths should not have src/tenancy/ at top-level (moved to runtime/tenancy)","status":"passed","title":"should not have src/tenancy/ at top-level (moved to runtime/tenancy)","duration":0.04083300000002055,"failureMessages":[],"meta":{}},{"ancestorTitles":["stale paths"],"fullName":"stale paths should not have src/personality/ at top-level (moved to runtime/personality)","status":"passed","title":"should not have src/personality/ at top-level (moved to runtime/personality)","duration":0.03612499999996999,"failureMessages":[],"meta":{}},{"ancestorTitles":["stale paths"],"fullName":"stale paths should not have src/verticals/ at top-level (moved to runtime/verticals)","status":"passed","title":"should not have src/verticals/ at top-level (moved to runtime/verticals)","duration":0.03470799999990959,"failureMessages":[],"meta":{}},{"ancestorTitles":["stale paths"],"fullName":"stale paths should not have src/product-profiles/ at top-level (moved to runtime/product-profiles)","status":"passed","title":"should not have src/product-profiles/ at top-level (moved to runtime/product-profiles)","duration":0.034749999999917236,"failureMessages":[],"meta":{}},{"ancestorTitles":["stale paths"],"fullName":"stale paths should not have src/features/ at top-level (moved to runtime/features)","status":"passed","title":"should not have src/features/ at top-level (moved to runtime/features)","duration":0.05029100000001563,"failureMessages":[],"meta":{}},{"ancestorTitles":["stale paths"],"fullName":"stale paths should not have src/providers/ at top-level (moved to runtime/providers)","status":"passed","title":"should not have src/providers/ at top-level (moved to runtime/providers)","duration":0.036709000000087144,"failureMessages":[],"meta":{}},{"ancestorTitles":["stale paths"],"fullName":"stale paths should not reference src/theme/tokens/css in non-test source files","status":"passed","title":"should not reference src/theme/tokens/css in non-test source files","duration":42.89883299999997,"failureMessages":[],"meta":{}},{"ancestorTitles":["folder structure"],"fullName":"folder structure should have runtime/ directory","status":"passed","title":"should have runtime/ directory","duration":0.09237499999994725,"failureMessages":[],"meta":{}},{"ancestorTitles":["folder structure"],"fullName":"folder structure should have _internal/ directory","status":"passed","title":"should have _internal/ directory","duration":0.04899999999997817,"failureMessages":[],"meta":{}},{"ancestorTitles":["folder structure"],"fullName":"folder structure runtime/ should contain all expected subfolders","status":"passed","title":"runtime/ should contain all expected subfolders","duration":0.14437499999996817,"failureMessages":[],"meta":{}},{"ancestorTitles":["folder structure"],"fullName":"folder structure _internal/ should contain expected subfolders","status":"passed","title":"_internal/ should contain expected subfolders","duration":0.06758300000001327,"failureMessages":[],"meta":{}},{"ancestorTitles":["folder structure"],"fullName":"folder structure runtime/ should have an index.ts barrel export","status":"passed","title":"runtime/ should have an index.ts barrel export","duration":0.03875000000005002,"failureMessages":[],"meta":{}},{"ancestorTitles":["folder structure"],"fullName":"folder structure _internal/ should have an index.ts barrel export","status":"passed","title":"_internal/ should have an index.ts barrel export","duration":0.03937499999994998,"failureMessages":[],"meta":{}},{"ancestorTitles":["no duplicate personality defaults"],"fullName":"no duplicate personality defaults should not have hooks/tokens/personality-defaults.ts","status":"passed","title":"should not have hooks/tokens/personality-defaults.ts","duration":0.04774999999995089,"failureMessages":[],"meta":{}},{"ancestorTitles":["no duplicate personality defaults"],"fullName":"no duplicate personality defaults personality defaults should only exist in runtime/personality/","status":"passed","title":"personality defaults should only exist in runtime/personality/","duration":0.03670799999997598,"failureMessages":[],"meta":{}},{"ancestorTitles":["package exports"],"fullName":"package exports root package.json should not reference src/theme/","status":"passed","title":"root package.json should not reference src/theme/","duration":0.32837499999993724,"failureMessages":[],"meta":{}},{"ancestorTitles":["package exports"],"fullName":"package exports root and core package versions should match","status":"passed","title":"root and core package versions should match","duration":0.16620799999998326,"failureMessages":[],"meta":{}},{"ancestorTitles":["package exports"],"fullName":"package exports core package.json sideEffects should include CSS","status":"passed","title":"core package.json sideEffects should include CSS","duration":0.4253750000000309,"failureMessages":[],"meta":{}},{"ancestorTitles":["package exports"],"fullName":"package exports vitest setupFiles should point to _internal/testing/test-setup.ts","status":"passed","title":"vitest setupFiles should point to _internal/testing/test-setup.ts","duration":0.08170900000004622,"failureMessages":[],"meta":{}},{"ancestorTitles":["import boundaries"],"fullName":"import boundaries runtime/ code should not import directly from _internal/ test helpers","status":"passed","title":"runtime/ code should not import directly from _internal/ test helpers","duration":1.7581250000000637,"failureMessages":[],"meta":{}},{"ancestorTitles":["import boundaries"],"fullName":"import boundaries components/ should not import from removed top-level runtime directories","status":"passed","title":"components/ should not import from removed top-level runtime directories","duration":44.08879200000001,"failureMessages":[],"meta":{}}],"startTime":1774126854674,"endTime":1774126854961.0889,"status":"passed","message":"","name":"/Users/daniel/Developer/Rottay/ui-design-system/packages/core/src/_internal/testing/system/source-governance.test.ts"}]}