{"numTotalTestSuites":9,"numPassedTestSuites":9,"numFailedTestSuites":0,"numPendingTestSuites":0,"numTotalTests":9,"numPassedTests":9,"numFailedTests":0,"numPendingTests":0,"numTodoTests":0,"snapshot":{"added":0,"failure":false,"filesAdded":0,"filesRemoved":0,"filesRemovedList":[],"filesUnmatched":0,"filesUpdated":0,"matched":0,"total":0,"unchecked":0,"uncheckedKeysByFile":[],"unmatched":0,"updated":0,"didUpdate":false},"startTime":1773941887994,"success":true,"testResults":[{"assertionResults":[{"ancestorTitles":["RusticStack responsive props","backward compatibility"],"fullName":"RusticStack responsive props backward compatibility renders plain scalar direction as inline style","status":"passed","title":"renders plain scalar direction as inline style","duration":11.785500000000013,"failureMessages":[],"meta":{}},{"ancestorTitles":["RusticStack responsive props","backward compatibility"],"fullName":"RusticStack responsive props backward compatibility renders plain scalar spacing as inline style","status":"passed","title":"renders plain scalar spacing as inline style","duration":1.515874999999994,"failureMessages":[],"meta":{}},{"ancestorTitles":["RusticStack responsive props","responsive direction"],"fullName":"RusticStack responsive props responsive direction generates CSS media queries for responsive direction","status":"passed","title":"generates CSS media queries for responsive direction","duration":1.9044590000000312,"failureMessages":[],"meta":{}},{"ancestorTitles":["RusticStack responsive props","responsive spacing"],"fullName":"RusticStack responsive props responsive spacing generates CSS for responsive spacing presets","status":"passed","title":"generates CSS for responsive spacing presets","duration":1.0905839999999785,"failureMessages":[],"meta":{}},{"ancestorTitles":["RusticStack responsive props","responsive spacing"],"fullName":"RusticStack responsive props responsive spacing generates CSS for responsive gap with numbers","status":"passed","title":"generates CSS for responsive gap with numbers","duration":0.8525419999999713,"failureMessages":[],"meta":{}},{"ancestorTitles":["RusticStack responsive props","responsive align"],"fullName":"RusticStack responsive props responsive align generates CSS for responsive align","status":"passed","title":"generates CSS for responsive align","duration":0.7110830000000306,"failureMessages":[],"meta":{}},{"ancestorTitles":["RusticStack responsive props","responsive justify"],"fullName":"RusticStack responsive props responsive justify generates CSS for responsive justify","status":"passed","title":"generates CSS for responsive justify","duration":0.63737500000002,"failureMessages":[],"meta":{}},{"ancestorTitles":["RusticStack responsive props","responsive wrap"],"fullName":"RusticStack responsive props responsive wrap generates CSS for responsive wrap","status":"passed","title":"generates CSS for responsive wrap","duration":0.6304159999999683,"failureMessages":[],"meta":{}},{"ancestorTitles":["RusticStack responsive props","alias resolution"],"fullName":"RusticStack responsive props alias resolution resolves phone, tablet, desktop aliases","status":"passed","title":"resolves phone, tablet, desktop aliases","duration":0.6512920000000122,"failureMessages":[],"meta":{}}],"startTime":1773941888434,"endTime":1773941888453.6514,"status":"passed","message":"","name":"/Users/daniel/Developer/Rottay/ui-design-system/packages/core/src/components/primitives/layout/Stack/Stack.responsive.test.tsx"}]}